
--- Procesado events --- 2026-02-08 01:18:47.520448
Procesado: accolade_events.txt
Procesado: birth_events.txt
Procesado: blackmail_events.txt
Procesado: board_game_events.txt
Procesado: bookmark_events.txt
Procesado: bp1_dan_events.txt
Procesado: court_maintenance_events.txt
Procesado: court_position_management_events.txt
Procesado: easteregg_events.txt
Procesado: error_suppression_events.txt
Procesado: game_rule_events.txt
Procesado: global_culture_events.txt
Procesado: global_religion_events.txt
Procesado: harm_events.txt
Procesado: health_events.txt
Procesado: historical_character_events.txt
Procesado: jester_stress_relief_events.txt
Procesado: marriage_effect_events.txt
Procesado: misc_events.txt
Procesado: mpo_chaotic_kurultai_succession.txt
Procesado: mpo_flavor_events.txt
Procesado: mpo_misc.txt
Procesado: pregnancy_events.txt
Procesado: realm_maintenance_events.txt
Procesado: secret_faith_events.txt
Procesado: siege_events.txt
Procesado: single_combat_events.txt
Procesado: title_events.txt
Procesado: tutorial_events.txt
Procesado: varangian_events.txt
Procesado: witch_events.txt
Procesado: activities\activity_system_events.txt
Procesado: activities\chariot_race_activity\chariot_ongoing_events_jp.txt
Procesado: activities\chariot_race_activity\chariot_race_events.txt
Procesado: activities\chariot_race_activity\chariot_race_ongoing_events.txt
Procesado: activities\coronation_activity\coronation_events.txt
Procesado: activities\coronation_activity\coronation_events_02.txt
Procesado: activities\coronation_activity\coronation_events_1.txt
Procesado: activities\coronation_activity\coronation_events_6.txt
Procesado: activities\coronation_activity\coronation_events_klank.txt
Procesado: activities\coronation_activity\guest_intent_coronation_events.txt
Procesado: activities\coronation_activity\prelude_events.txt
Procesado: activities\debate_activity\az_debate_events.txt
Procesado: activities\debate_activity\debate_events.txt
Procesado: activities\feast_activity\feast_default_events_axel.txt
Procesado: activities\feast_activity\feast_default_events_jason.txt
Procesado: activities\feast_activity\feast_default_events_joe.txt
Procesado: activities\feast_activity\feast_default_events_laurence.txt
Procesado: activities\feast_activity\feast_events.txt
Procesado: activities\feast_activity\feast_events_ewan.txt
Procesado: activities\feast_activity\feast_events_flavor.txt
Procesado: activities\feast_activity\feast_events_klank.txt
Procesado: activities\feast_activity\feast_events_mkc.txt
Procesado: activities\feast_activity\feast_events_tova.txt
Procesado: activities\feast_activity\murder_feast_events.txt
Procesado: activities\feast_activity\main_events\feast_default_events.txt
Procesado: activities\feast_activity\main_events\feast_default_events_alex.txt
Procesado: activities\feast_activity\main_events\feast_lifestyle_events.txt
Procesado: activities\feast_activity\main_events\feast_main_befriend_events.txt
Procesado: activities\feast_activity\main_events\feast_main_live_fowl_events.txt
Procesado: activities\feast_activity\main_events\feast_main_stable_breakin_events.txt
Procesado: activities\feast_activity\main_events\feast_main_stew_flood_events.txt
Procesado: activities\feast_activity\main_events\feast_tsagaan_sar_events.txt
Procesado: activities\festival_activity\festival_events.txt
Procesado: activities\funeral_activity\funeral_events.txt
Procesado: activities\hold_court_activity\hold_court_events_general.txt
Procesado: activities\hold_court_activity\hold_court_events_james.txt
Procesado: activities\hold_court_activity\hold_court_events_joe.txt
Procesado: activities\hunt_activity\hunt_events.txt
Procesado: activities\hunt_activity\jb_hunt_events.txt
Procesado: activities\hunt_activity\mpo_hunt_events.txt
Procesado: activities\hunt_activity\mpo_nerge_events.txt
Procesado: activities\hunt_activity\tgp_hunt_events.txt
Procesado: activities\imperial_examination_activity\az_examination_events.txt
Procesado: activities\imperial_examination_activity\emperor_prep_phase_imperial_examination_events.txt
Procesado: activities\imperial_examination_activity\imperial_examination_events.txt
Procesado: activities\imperial_examination_activity\imperial_examination_events_jay.txt
Procesado: activities\petition_liege_activity\petition_liege_events.txt
Procesado: activities\pilgrimage_activity\hajj_events.txt
Procesado: activities\pilgrimage_activity\pilgrimage_events.txt
Procesado: activities\pilgrimage_activity\pilgrimage_events_seasia.txt
Procesado: activities\pilgrimage_activity\pilgrimage_intent_events.txt
Procesado: activities\playdate_activity\playdate_events.txt
Procesado: activities\tournaments\contest_events.txt
Procesado: activities\tournaments\ep2_locale_events.txt
Procesado: activities\tournaments\james_tournament_events.txt
Procesado: activities\tournaments\jason_first_race_event.txt
Procesado: activities\tournaments\jason_locale_events.txt
Procesado: activities\tournaments\jason_race_events.txt
Procesado: activities\tournaments\jb_recital_contest_events.txt
Procesado: activities\tournaments\passive_tournament_events_oltner.txt
Procesado: activities\tournaments\tournament_events.txt
Procesado: activities\tournaments\veronica_locale_events.txt
Procesado: activities\tournaments\veronica_local_events_2.txt
Procesado: activities\tour_activity\az_tour_events.txt
Procesado: activities\tour_activity\claudia_tour_grounds_events.txt
Procesado: activities\tour_activity\filippa_tour_general_events.txt
Procesado: activities\tour_activity\tour_general_events.txt
Procesado: activities\tour_activity\tour_general_events_james.txt
Procesado: activities\tour_activity\tour_grounds_events_chad.txt
Procesado: activities\tour_activity\tour_phase_cultural_festival.txt
Procesado: activities\tour_activity\tour_phase_cultural_festival_james.txt
Procesado: activities\tour_activity\tour_phase_host_a_dinner.txt
Procesado: activities\tour_activity\tour_phase_tour_grounds.txt
Procesado: activities\tour_activity\tour_travel_events.txt
Procesado: activities\tour_activity\tour_travel_events_dan.txt
Procesado: activities\tour_activity\tour_travel_events_james.txt
Procesado: artifacts\artifact_events.txt
Procesado: artifacts\historical_artifacts_events.txt
Procesado: councillor_task_events\chancellor_task_events.txt
Procesado: councillor_task_events\councillor_spouse_background_events.txt
Procesado: councillor_task_events\court_chaplain_task_events.txt
Procesado: councillor_task_events\kurultai_task_events.txt
Procesado: councillor_task_events\marshal_task_events.txt
Procesado: councillor_task_events\spymaster_task_events.txt
Procesado: councillor_task_events\steward_task_events.txt
Procesado: councillor_task_events\councillor_spouse_events\councillor_spouse_diplomacy_events.txt
Procesado: councillor_task_events\councillor_spouse_events\councillor_spouse_intrigue_events.txt
Procesado: councillor_task_events\councillor_spouse_events\councillor_spouse_learning_events.txt
Procesado: councillor_task_events\councillor_spouse_events\councillor_spouse_martial_events.txt
Procesado: councillor_task_events\councillor_spouse_events\councillor_spouse_stewardship_events.txt
Procesado: courtier_guest_management_events\courtier_guest_management_events.txt
Procesado: court_events\01_ep3_court_events.txt
Procesado: court_events\01_ep3_court_events_3.txt
Procesado: court_events\court_events_ceremonial.txt
Procesado: court_events\court_events_general.txt
Procesado: court_events\court_events_general_1.txt
Procesado: court_events\court_events_new.txt
Procesado: court_events\introduce_court_fashion_events.txt
Procesado: court_events\sumptuary_debate_events.txt
Procesado: culture_events\culture_emergence_events.txt
Procesado: culture_events\culture_notification_events.txt
Procesado: culture_events\culture_tradition_events.txt
Procesado: culture_events\language_events.txt
Procesado: death_events\death_management_events.txt
Procesado: decisions_events\bp3_decisions_events.txt
Procesado: decisions_events\british_isles_events.txt
Procesado: decisions_events\ce1_decision_events.txt
Procesado: decisions_events\central_asia_events.txt
Procesado: decisions_events\culture_conversion_events.txt
Procesado: decisions_events\east_europe_events.txt
Procesado: decisions_events\ep2_decision_events.txt
Procesado: decisions_events\ep4_decision_events.txt
Procesado: decisions_events\iberia_north_africa_events.txt
Procesado: decisions_events\major_decisions_events.txt
Procesado: decisions_events\middle_east_decisions_events.txt
Procesado: decisions_events\middle_europe_decisions_events.txt
Procesado: decisions_events\minor_decision_events.txt
Procesado: decisions_events\mpo_greatest_of_khans_events.txt
Procesado: decisions_events\pay_homage_events.txt
Procesado: decisions_events\pledge_loyalty_to_liege_events.txt
Procesado: decisions_events\roman_restoration_events.txt
Procesado: decisions_events\south_asia_events.txt
Procesado: decisions_events\tgp_decision_events.txt
Procesado: diarchy_events\diarchy_events.txt
Procesado: diarchy_events\vizierate_events.txt
Procesado: dlc\ach\ach_coronation_events.txt
Procesado: dlc\ach\ach_maintenance_events.txt
Procesado: dlc\ach\ach_yearly_events.txt
Procesado: dlc\bp1\bp1_filippa_yearly_events.txt
Procesado: dlc\bp1\bp1_henrik_events.txt
Procesado: dlc\bp1\bp1_house_feud.txt
Procesado: dlc\bp1\bp1_yearly.txt
Procesado: dlc\bp1\bp1_yearly_develop.txt
Procesado: dlc\bp1\bp1_yearly_events_chad.txt
Procesado: dlc\bp1\bp1_yearly_events_claudia.txt
Procesado: dlc\bp1\bp1_yearly_events_nick.txt
Procesado: dlc\bp1\bp1_yearly_oltner.txt
Procesado: dlc\bp2\bp2_adult_education_activity_events.txt
Procesado: dlc\bp2\bp2_adult_education_activity_events_oltner.txt
Procesado: dlc\bp2\bp2_character_interaction_events.txt
Procesado: dlc\bp2\bp2_child_of_destiny_events.txt
Procesado: dlc\bp2\bp2_decision_events.txt
Procesado: dlc\bp2\bp2_hostage_system.txt
Procesado: dlc\bp2\bp2_yearly.txt
Procesado: dlc\bp2\bp2_yearly_0_5.txt
Procesado: dlc\bp2\bp2_yearly_1_events.txt
Procesado: dlc\bp2\bp2_yearly_2.txt
Procesado: dlc\bp2\bp2_yearly_3.txt
Procesado: dlc\bp2\bp2_yearly_4.txt
Procesado: dlc\bp2\bp2_yearly_5.txt
Procesado: dlc\bp2\bp2_yearly_7.txt
Procesado: dlc\bp2\bp2_yearly_events_6.txt
Procesado: dlc\bp2\bp2_yearly_extra.txt
Procesado: dlc\bp2\story_cycles\story_cycle_pet_rock_events.txt
Procesado: dlc\bp3\bp3_court_position_events.txt
Procesado: dlc\bp3\bp3_journey_events.txt
Procesado: dlc\bp3\bp3_mapmaking.txt
Procesado: dlc\bp3\bp3_roaming_events.txt
Procesado: dlc\bp3\bp3_survey_events.txt
Procesado: dlc\ce1\epidemic_events.txt
Procesado: dlc\ce1\epidemic_events_2.txt
Procesado: dlc\ce1\legend_ending_events.txt
Procesado: dlc\ce1\legend_events.txt
Procesado: dlc\ce1\legend_spread_events_8.txt
Procesado: dlc\ce1\legend_spread_events_nick.txt
Procesado: dlc\ce1\legend_spread_events_veronica.txt
Procesado: dlc\ce1\legitimacy_events.txt
Procesado: dlc\ce1\physician_epidemic_events.txt
Procesado: dlc\ep1\ep1_character_interaction_events.txt
Procesado: dlc\ep1\ep1_court_position_events.txt
Procesado: dlc\ep1\ep1_decision_events.txt
Procesado: dlc\ep1\ep1_flavor_events.txt
Procesado: dlc\ep1\ep1_fund_inspiration_events.txt
Procesado: dlc\ep1\ep1_fund_inspiration_events_oltner.txt
Procesado: dlc\ep1\ep1_inspiration_system_events.txt
Procesado: dlc\ep2\ep2_accolade_events.txt
Procesado: dlc\ep2\ep2_tournament_events.txt
Procesado: dlc\ep2\wedding_events\ep2_bloody_wedding_events.txt
Procesado: dlc\ep2\wedding_events\ep2_wedding_events.txt
Procesado: dlc\ep2\wedding_events\ep2_wedding_events_ewan.txt
Procesado: dlc\ep3\ep3_admin_events.txt
Procesado: dlc\ep3\ep3_akolouthos_events.txt
Procesado: dlc\ep3\ep3_camp_party_events.txt
Procesado: dlc\ep3\ep3_camp_temperament_events.txt
Procesado: dlc\ep3\ep3_contract_events.txt
Procesado: dlc\ep3\ep3_councillor_events.txt
Procesado: dlc\ep3\ep3_decisions_events.txt
Procesado: dlc\ep3\ep3_emperor_yearly_2.txt
Procesado: dlc\ep3\ep3_emperor_yearly_3.txt
Procesado: dlc\ep3\ep3_emperor_yearly_8.txt
Procesado: dlc\ep3\ep3_eparch_events.txt
Procesado: dlc\ep3\ep3_frankokratia_events.txt
Procesado: dlc\ep3\ep3_governor_yearly_3.txt
Procesado: dlc\ep3\ep3_governor_yearly_8.txt
Procesado: dlc\ep3\ep3_interactions_events.txt
Procesado: dlc\ep3\ep3_laamps_provisions.txt
Procesado: dlc\ep3\ep3_laamp_decision_events.txt
Procesado: dlc\ep3\ep3_laamp_events.txt
Procesado: dlc\ep3\ep3_laamp_events_8.txt
Procesado: dlc\ep3\ep3_laamp_flavor.txt
Procesado: dlc\ep3\ep3_laamp_flavor_oltner.txt
Procesado: dlc\ep3\ep3_laamp_flavour_ewan_events.txt
Procesado: dlc\ep3\ep3_landless_admin_events.txt
Procesado: dlc\ep3\ep3_powerful_families_8.txt
Procesado: dlc\ep3\ep3_roman_restoration_events.txt
Procesado: dlc\ep3\ep3_story_cycle_admin_eunuch_events.txt
Procesado: dlc\ep3\ep3_story_cycle_grand_ambitions_events.txt
Procesado: dlc\ep3\ep3_story_cycle_harrying_of_the_north_events.txt
Procesado: dlc\ep3\ep3_story_cycle_violet_poet_events.txt
Procesado: dlc\ep3\ep3_travel_events_3.txt
Procesado: dlc\ep3\ep3_travel_events_8.txt
Procesado: dlc\ep3\ep3_travel_option_events.txt
Procesado: dlc\ep3\ep3_wedding_events.txt
Procesado: dlc\ep3\ep3_yearly_1.txt
Procesado: dlc\ep3\ep3_yearly_3.txt
Procesado: dlc\fp1\fp1_jomsvikings_events.txt
Procesado: dlc\fp1\fp1_major_decision_events.txt
Procesado: dlc\fp1\fp1_other_decision_events.txt
Procesado: dlc\fp1\fp1_scandinavian_adventurer_events.txt
Procesado: dlc\fp1\fp1_shieldmaiden_events.txt
Procesado: dlc\fp1\fp1_trade_events.txt
Procesado: dlc\fp1\fp1_trial_by_combat_events.txt
Procesado: dlc\fp1\fp1_varangian_adventure_events.txt
Procesado: dlc\fp1\fp1_yearly_events.txt
Procesado: dlc\fp1\fp1_yearly_events_oltner.txt
Procesado: dlc\fp2\fp2_el_cid_events.txt
Procesado: dlc\fp2\fp2_lyonese_monk_events.txt
Procesado: dlc\fp2\fp2_other_decision_events.txt
Procesado: dlc\fp2\fp2_struggle_events.txt
Procesado: dlc\fp2\fp2_yearly_events.txt
Procesado: dlc\fp2\neutral_struggle_events.txt
Procesado: dlc\fp3\fp3_clan_events_2000.txt
Procesado: dlc\fp3\fp3_clan_events_hugo.txt
Procesado: dlc\fp3\fp3_clan_events_ola.txt
Procesado: dlc\fp3\fp3_clan_events_persia_specific_ola.txt
Procesado: dlc\fp3\fp3_dynasty_decision_events.txt
Procesado: dlc\fp3\fp3_extra_flavor_events.txt
Procesado: dlc\fp3\fp3_frontier_story_cycle.txt
Procesado: dlc\fp3\fp3_heritage_events.txt
Procesado: dlc\fp3\fp3_misc_decision_events.txt
Procesado: dlc\fp3\fp3_religious_decision_events.txt
Procesado: dlc\fp3\fp3_scholarship_events.txt
Procesado: dlc\fp3\fp3_story_cycle_seljuks_invasion_events.txt
Procesado: dlc\fp3\fp3_story_cycle_zanj_rebellion_events.txt
Procesado: dlc\fp3\fp3_struggle_events.txt
Procesado: dlc\fp3\fp3_tax_collector_events_ola.txt
Procesado: dlc\fp3\fp3_tax_collector_flavor_events.txt
Procesado: dlc\fp3\fp3_yearly_events_eren.txt
Procesado: dlc\fp3\fp3_yearly_events_hugo.txt
Procesado: dlc\fp3\fp3_yearly_events_ola_batch_1.txt
Procesado: dlc\fp3\fp3_yearly_frontier_chains.txt
Procesado: dlc\mpo\court_astrologer_events.txt
Procesado: dlc\mpo\mpo_decisions_events.txt
Procesado: dlc\mpo\mpo_events_anna.txt
Procesado: dlc\mpo\mpo_events_ariana.txt
Procesado: dlc\mpo\mpo_events_tova.txt
Procesado: dlc\mpo\mpo_flavor_events_settled.txt
Procesado: dlc\mpo\mpo_interactions_events.txt
Procesado: dlc\mpo\mpo_jamukha_flavor_events.txt
Procesado: dlc\mpo\mpo_migration_contract_events.txt
Procesado: dlc\mpo\mpo_migration_events.txt
Procesado: dlc\mpo\mpo_migration_travel_events.txt
Procesado: dlc\mpo\mpo_nomads_blood_brothers_windy.txt
Procesado: dlc\mpo\mpo_nomads_flavour_events.txt
Procesado: dlc\mpo\mpo_nomads_flavour_events_oltner.txt
Procesado: dlc\mpo\mpo_nomads_season_events.txt
Procesado: dlc\mpo\mpo_nomad_events_1.txt
Procesado: dlc\mpo\mpo_story_cycle_temujin_flavor_events.txt
Procesado: dlc\tgp\tgp_ceremonial_liege_events.txt
Procesado: dlc\tgp\tgp_child_personality_events.txt
Procesado: dlc\tgp\tgp_china_career_events.txt
Procesado: dlc\tgp\tgp_china_decision_events.txt
Procesado: dlc\tgp\tgp_china_ministry_events.txt
Procesado: dlc\tgp\tgp_china_yearly_events.txt
Procesado: dlc\tgp\tgp_commission_book.txt
Procesado: dlc\tgp\tgp_dynastic_cycle_decision_events.txt
Procesado: dlc\tgp\tgp_dynastic_cycle_events.txt
Procesado: dlc\tgp\tgp_dynastic_cycle_flavor_events.txt
Procesado: dlc\tgp\tgp_east_asia_decision_events.txt
Procesado: dlc\tgp\tgp_east_asia_interaction_events.txt
Procesado: dlc\tgp\tgp_faction_events.txt
Procesado: dlc\tgp\tgp_genpei_character_events.txt
Procesado: dlc\tgp\tgp_governor_contract_events.txt
Procesado: dlc\tgp\tgp_governor_contract_events_2000.txt
Procesado: dlc\tgp\tgp_house_blocs.txt
Procesado: dlc\tgp\tgp_interaction_events.txt
Procesado: dlc\tgp\tgp_japan_career_events.txt
Procesado: dlc\tgp\tgp_japan_decision_events.txt
Procesado: dlc\tgp\tgp_japan_general_events.txt
Procesado: dlc\tgp\tgp_japan_yearly_events.txt
Procesado: dlc\tgp\tgp_japan_yearly_events_ariana.txt
Procesado: dlc\tgp\tgp_korea_decision_events.txt
Procesado: dlc\tgp\tgp_maintenance_events.txt
Procesado: dlc\tgp\tgp_mandala_capital_events.txt
Procesado: dlc\tgp\tgp_mandala_devaraja_events.txt
Procesado: dlc\tgp\tgp_mandala_events.txt
Procesado: dlc\tgp\tgp_mandala_task_contract_events.txt
Procesado: dlc\tgp\tgp_mentoring_scheme_events.txt
Procesado: dlc\tgp\tgp_movement_events.txt
Procesado: dlc\tgp\tgp_natural_disaster_contract_events.txt
Procesado: dlc\tgp\tgp_natural_disaster_flavor_events.txt
Procesado: dlc\tgp\tgp_silk_road_events.txt
Procesado: dlc\tgp\tgp_tai_migration_events.txt
Procesado: dlc\tgp\tgp_tribute_mission_events.txt
Procesado: education_and_childhood\childhood_education_events.txt
Procesado: education_and_childhood\childhood_events.txt
Procesado: education_and_childhood\childhood_events_oltner.txt
Procesado: education_and_childhood\child_personality_events.txt
Procesado: education_and_childhood\child_personality_events_2.txt
Procesado: education_and_childhood\chinese_disciple_events.txt
Procesado: education_and_childhood\coming_of_age_events.txt
Procesado: factions\faction_demands.txt
Procesado: factions\faction_invitations.txt
Procesado: government_events\clan_events.txt
Procesado: government_events\tribal_events.txt
Procesado: interaction_events\adoption_events.txt
Procesado: interaction_events\alliance_interaction_events.txt
Procesado: interaction_events\bastard_interaction_events.txt
Procesado: interaction_events\character_interaction_events.txt
Procesado: interaction_events\council_interaction_events.txt
Procesado: interaction_events\marriage_interaction_events.txt
Procesado: interaction_events\perk_interaction_events.txt
Procesado: interaction_events\vassal_interaction_events.txt
Procesado: legacy_events\dynasty_legacy_events.txt
Procesado: lifestyles\commission_epic_events.txt
Procesado: lifestyles\mystic_lifestyle_events.txt
Procesado: lifestyles\sell_titles_events.txt
Procesado: lifestyles\subject_extortion_events.txt
Procesado: lifestyles\governance_lifestyle\stewardship_domain_events.txt
Procesado: lifestyles\governance_lifestyle\stewardship_duty_events.txt
Procesado: lifestyles\governance_lifestyle\stewardship_general_events.txt
Procesado: lifestyles\governance_lifestyle\stewardship_wealth_events.txt
Procesado: lifestyles\intrigue_lifestyle\intrigue_dread_events.txt
Procesado: lifestyles\intrigue_lifestyle\intrigue_scheming_events.txt
Procesado: lifestyles\intrigue_lifestyle\intrigue_temptation_events.txt
Procesado: lifestyles\intrigue_lifestyle\intrigue_temptation_events_2.txt
Procesado: lifestyles\scholarship_lifestyle\learning_medicine_events.txt
Procesado: lifestyles\scholarship_lifestyle\learning_scholarship_events.txt
Procesado: lifestyles\scholarship_lifestyle\learning_theology_events.txt
Procesado: lifestyles\statecraft_lifestyle\diplomacy_family_events.txt
Procesado: lifestyles\statecraft_lifestyle\diplomacy_foreign_events.txt
Procesado: lifestyles\statecraft_lifestyle\diplomacy_generic_events.txt
Procesado: lifestyles\statecraft_lifestyle\diplomacy_majesty_events.txt
Procesado: lifestyles\wanderer_lifestyle\wanderer_destination_events.txt
Procesado: lifestyles\wanderer_lifestyle\wanderer_generic_events.txt
Procesado: lifestyles\wanderer_lifestyle\wanderer_internal_affairs_events.txt
Procesado: lifestyles\wanderer_lifestyle\wanderer_journey_events.txt
Procesado: lifestyles\warfare_lifestyle\historical_commander_trait_events.txt
Procesado: lifestyles\warfare_lifestyle\learn_commander_trait_events.txt
Procesado: lifestyles\warfare_lifestyle\martial_authority_events.txt
Procesado: lifestyles\warfare_lifestyle\martial_authority_events_2.txt
Procesado: lifestyles\warfare_lifestyle\martial_chivalry_events.txt
Procesado: lifestyles\warfare_lifestyle\martial_strategy_events.txt
Procesado: lifestyles\warfare_lifestyle\martial_strategy_events_2.txt
Procesado: lifestyles\warfare_lifestyle\warhorse_events.txt
Procesado: nickname_events\nickname_events.txt
Procesado: notification_events\ep1_notification_events.txt
Procesado: prison_events\dungeon_ongoing_events.txt
Procesado: prison_events\house_arrest_ongoing_events.txt
Procesado: prison_events\prison_events.txt
Procesado: prison_events\prison_notification_events.txt
Procesado: relations_events\adultery_events.txt
Procesado: relations_events\bishop_events.txt
Procesado: relations_events\friendship_events.txt
Procesado: relations_events\lover_events.txt
Procesado: relations_events\mentor_student_events.txt
Procesado: relations_events\parent_events.txt
Procesado: relations_events\relation_upgrade_events.txt
Procesado: relations_events\rivalry_events.txt
Procesado: relations_events\sibling_events.txt
Procesado: relations_events\spouse_events.txt
Procesado: relations_events\vassal_events.txt
Procesado: religion_events\faith_conversion_events.txt
Procesado: religion_events\faith_creation_events.txt
Procesado: religion_events\false_conversion_events.txt
Procesado: religion_events\fervor_events.txt
Procesado: religion_events\great_holy_war_events.txt
Procesado: religion_events\head_of_faith_events.txt
Procesado: religion_events\heresy_events.txt
Procesado: religion_events\holy_order_events.txt
Procesado: religion_events\human_sacrifice_events.txt
Procesado: religion_events\jewish_events.txt
Procesado: religion_events\local_shrine_events.txt
Procesado: religion_events\religious_decision_events.txt
Procesado: religion_events\religious_interaction_events.txt
Procesado: scheme_events\agent_events.txt
Procesado: scheme_events\diplomatic_scheme_lifestyle_events.txt
Procesado: scheme_events\governor_contract_events.txt
Procesado: scheme_events\hostile_scheme_discovery_events.txt
Procesado: scheme_events\intrigue_scheme_lifestyle_events.txt
Procesado: scheme_events\intrigue_scheme_ongoing_events.txt
Procesado: scheme_events\laamp_base_contract_scheme_events.txt
Procesado: scheme_events\laamp_base_learning_contract_events.txt
Procesado: scheme_events\laamp_extra_contract_scheme_events.txt
Procesado: scheme_events\personal_scheme_ongoing_events.txt
Procesado: scheme_events\scheme_critical_moments_events.txt
Procesado: scheme_events\tgp_governor_contract_events_tova.txt
Procesado: scheme_events\adbuct_scheme\abduct_outcome_events.txt
Procesado: scheme_events\befriend_scheme\befriend_ongoing_dislike_events.txt
Procesado: scheme_events\befriend_scheme\befriend_ongoing_events.txt
Procesado: scheme_events\befriend_scheme\befriend_ongoing_rival_events.txt
Procesado: scheme_events\befriend_scheme\befriend_scheme_outcome_events.txt
Procesado: scheme_events\claim_throne_scheme\claim_throne_ongoing_events.txt
Procesado: scheme_events\claim_throne_scheme\claim_throne_outcome_events.txt
Procesado: scheme_events\court_scheme\court_scheme_ongoing_events.txt
Procesado: scheme_events\court_scheme\court_scheme_outcome_events.txt
Procesado: scheme_events\elope_scheme\elope_scheme_events.txt
Procesado: scheme_events\fabricate_hook_scheme\fabricate_hook_ongoing_events.txt
Procesado: scheme_events\fabricate_hook_scheme\fabricate_hook_outcome_events.txt
Procesado: scheme_events\learn_language_scheme\learn_language_ongoing_events.txt
Procesado: scheme_events\learn_language_scheme\learn_language_outcome_events.txt
Procesado: scheme_events\mandala_schemes\coerce_and_leverage_contribution_scheme_events.txt
Procesado: scheme_events\mandala_schemes\coerce_tributary_scheme_events.txt
Procesado: scheme_events\mandala_schemes\disbelieve_mandala_scheme_events.txt
Procesado: scheme_events\murder_scheme\assassination_ongoing_events.txt
Procesado: scheme_events\murder_scheme\murder_ongoing_events.txt
Procesado: scheme_events\murder_scheme\murder_outcome_events.txt
Procesado: scheme_events\murder_scheme\murder_outcome_reworked_events.txt
Procesado: scheme_events\murder_scheme\murder_save_events.txt
Procesado: scheme_events\murder_scheme\murder_scheme_maintenance_events.txt
Procesado: scheme_events\seduce_scheme\seduce_ongoing_events.txt
Procesado: scheme_events\seduce_scheme\seduce_scheme_outcome_events.txt
Procesado: scheme_events\steal_back_artifact_scheme\steal_back_artifact_ongoing_events.txt
Procesado: scheme_events\steal_back_artifact_scheme\steal_back_artifact_outcome_events.txt
Procesado: scheme_events\steal_herd_scheme\steal_herd_ongoing_events.txt
Procesado: scheme_events\steal_herd_scheme\steal_herd_outcome_events.txt
Procesado: scheme_events\study_confucian_classics_scheme\study_confucian_classics_events.txt
Procesado: scheme_events\sway_scheme\sway_ongoing_events.txt
Procesado: scheme_events\sway_scheme\sway_outcome_events.txt
Procesado: secret_events\secrets_events.txt
Procesado: secret_events\secret_bastard_events.txt
Procesado: situation_events\debug.txt
Procesado: situation_events\mpo_the_great_steppe_events.txt
Procesado: situation_events\tgp_natural_disaster_events.txt
Procesado: story_cycles\ep3_story_cycle_el_cid.txt
Procesado: story_cycles\ep3_story_cycle_hasan.txt
Procesado: story_cycles\fp2_story_cycle_bell_of_huesca.txt
Procesado: story_cycles\story_cycle_almohad_events.txt
Procesado: story_cycles\story_cycle_conqueror_events.txt
Procesado: story_cycles\story_cycle_hunt_mystical_animal_events.txt
Procesado: story_cycles\story_cycle_infidelity_confrontation_events.txt
Procesado: story_cycles\story_cycle_mongol_invasion_events.txt
Procesado: story_cycles\story_cycle_party_baron_events.txt
Procesado: story_cycles\story_cycle_pet_animal_events.txt
Procesado: story_cycles\story_cycle_tax_rivalry_events.txt
Procesado: story_cycles\murders_at_court\story_cycle_murders_at_court_events.txt
Procesado: story_cycles\peasant_affair\story_cycle_peasant_affair_events.txt
Procesado: stress_events\stress_threshold_events.txt
Procesado: stress_events\stress_threshold_prison_events.txt
Procesado: stress_events\stress_threshold_special_events.txt
Procesado: stress_events\stress_trait_coping_decisions_events.txt
Procesado: stress_events\stress_trait_ongoing_events.txt
Procesado: test_events\debug.txt
Procesado: test_events\debug_portraits.txt
Procesado: test_events\insult_poetry.txt
Procesado: test_events\poetry_events.txt
Procesado: test_events\test_activity_events.txt
Procesado: test_events\test_court_events.txt
Procesado: trait_specific_events\trait_specific_events.txt
Procesado: trait_specific_events\trait_specific_interaction_events.txt
Procesado: trait_specific_events\trait_specific_ongoing_events.txt
Procesado: travel_events\test_events.txt
Procesado: travel_events\tgp_travel_events.txt
Procesado: travel_events\travel_completion_events.txt
Procesado: travel_events\travel_danger_events.txt
Procesado: travel_events\travel_danger_events_ariana.txt
Procesado: travel_events\travel_danger_events_arky.txt
Procesado: travel_events\travel_danger_events_chad.txt
Procesado: travel_events\travel_danger_events_dan.txt
Procesado: travel_events\travel_danger_events_filippa.txt
Procesado: travel_events\travel_danger_events_joe.txt
Procesado: travel_events\travel_danger_events_klank.txt
Procesado: travel_events\travel_danger_events_oltner.txt
Procesado: travel_events\travel_events.txt
Procesado: travel_events\travel_events_bp3.txt
Procesado: travel_events\travel_events_cities.txt
Procesado: travel_events\travel_events_cultural_traditions.txt
Procesado: travel_events\travel_events_filippa.txt
Procesado: travel_events\travel_events_fp3.txt
Procesado: travel_events\travel_events_james.txt
Procesado: travel_events\travel_events_mpo.txt
Procesado: travel_events\travel_events_oltner_2.txt
Procesado: travel_events\travel_events_veronica.txt
Procesado: travel_events\travel_start_events.txt
Procesado: war_events\combat_events.txt
Procesado: war_events\raid_events.txt
Procesado: war_events\war_events.txt
Procesado: yearly_events\bp1_yearly_james.txt
Procesado: yearly_events\bp1_yearly_jason.txt
Procesado: yearly_events\court_yearly_events.txt
Procesado: yearly_events\yearly_events.txt
Procesado: yearly_events\yearly_events_2.txt
Procesado: yearly_events\yearly_events_3.txt
Procesado: yearly_events\yearly_events_4.txt
Procesado: yearly_events\yearly_events_5.txt
Procesado: yearly_events\yearly_events_6.txt
Procesado: yearly_events\yearly_events_7.txt
Procesado: yearly_events\yearly_events_persia.txt
Procesado: yearly_events\yearly_events_sahara.txt
