
--- Procesado history/characters --- 2026-02-08 01:18:50.854498
Procesado: afar.txt
Procesado: afghan.txt
Procesado: ainu.txt
Procesado: akan.txt
Procesado: alan.txt
Procesado: albanian.txt
Procesado: amis.txt
Procesado: andalusian.txt
Procesado: anglo_saxon.txt
Procesado: aragonese.txt
Procesado: armenian.txt
Procesado: assamese.txt
Procesado: asturleonese.txt
Procesado: avar.txt
Procesado: bai.txt
Procesado: balhae.txt
Procesado: baloch.txt
Procesado: bashkir.txt
Procesado: basque.txt
Procesado: bavarian.txt
Procesado: bavlim.txt
Procesado: bedouin.txt
Procesado: beja.txt
Procesado: bengali.txt
Procesado: berber.txt
Procesado: bobo.txt
Procesado: bodpa.txt
Procesado: bolghar.txt
Procesado: bosnian.txt
Procesado: bouxcuengh.txt
Procesado: bozo.txt
Procesado: breton.txt
Procesado: bugis.txt
Procesado: bulgarian.txt
Procesado: burmese.txt
Procesado: buryat.txt
Procesado: butr.txt
Procesado: carantanian.txt
Procesado: castilian.txt
Procesado: catalan.txt
Procesado: cham.txt
Procesado: cisalpine.txt
Procesado: croatian.txt
Procesado: cuman.txt
Procesado: cumbrian.txt
Procesado: czech.txt
Procesado: daju.txt
Procesado: danish.txt
Procesado: dayak.txt
Procesado: daylamite.txt
Procesado: dutch.txt
Procesado: eastereggs.txt
Procesado: easteregg_non_developers.txt
Procesado: east_bantu.txt
Procesado: edo.txt
Procesado: egyptian.txt
Procesado: emishi.txt
Procesado: english.txt
Procesado: estonian.txt
Procesado: ethiopian.txt
Procesado: ewe.txt
Procesado: filipino.txt
Procesado: finnish.txt
Procesado: franconian.txt
Procesado: frankish.txt
Procesado: french.txt
Procesado: frisian.txt
Procesado: gaelic.txt
Procesado: galician.txt
Procesado: georgian.txt
Procesado: german.txt
Procesado: greek.txt
Procesado: guan.txt
Procesado: gujarati.txt
Procesado: gur.txt
Procesado: han.txt
Procesado: hausa.txt
Procesado: hindustani.txt
Procesado: hmong.txt
Procesado: hungarian.txt
Procesado: igbo.txt
Procesado: irish.txt
Procesado: italian.txt
Procesado: japanese.txt
Procesado: javanese.txt
Procesado: jurchen.txt
Procesado: kannada.txt
Procesado: kanuri.txt
Procesado: karelian.txt
Procesado: karluk.txt
Procesado: kashmiri.txt
Procesado: kerait.txt
Procesado: khanty.txt
Procesado: khazar.txt
Procesado: khitan.txt
Procesado: khmer.txt
Procesado: khwarezmian.txt
Procesado: kimek.txt
Procesado: kipchak.txt
Procesado: kirati.txt
Procesado: kirghiz.txt
Procesado: komi.txt
Procesado: korean.txt
Procesado: kru.txt
Procesado: kurdish.txt
Procesado: laktan.txt
Procesado: latgalian.txt
Procesado: levantine.txt
Procesado: lhomon.txt
Procesado: lithuanian.txt
Procesado: lombard.txt
Procesado: maghrebi.txt
Procesado: malay.txt
Procesado: malinke.txt
Procesado: maluku.txt
Procesado: marathi.txt
Procesado: mari.txt
Procesado: marka.txt
Procesado: mel.txt
Procesado: merya.txt
Procesado: meshchera.txt
Procesado: mohe.txt
Procesado: mon.txt
Procesado: mongol.txt
Procesado: mordvin.txt
Procesado: mossi.txt
Procesado: muroma.txt
Procesado: naiman.txt
Procesado: nepali.txt
Procesado: nivkh.txt
Procesado: norman.txt
Procesado: norse.txt
Procesado: norwegian.txt
Procesado: nubian.txt
Procesado: nupe.txt
Procesado: occitan.txt
Procesado: oirat.txt
Procesado: old_saxon.txt
Procesado: ongud.txt
Procesado: oriya.txt
Procesado: papuan.txt
Procesado: pecheneg.txt
Procesado: persian.txt
Procesado: pictish.txt
Procesado: polabian.txt
Procesado: polish.txt
Procesado: pommeranian.txt
Procesado: portrait_debug_characters.txt
Procesado: portuguese.txt
Procesado: prussian.txt
Procesado: punjabi.txt
Procesado: qiang.txt
Procesado: rajput.txt
Procesado: roman.txt
Procesado: romanian.txt
Procesado: russian.txt
Procesado: ryukyuan.txt
Procesado: saka.txt
Procesado: sami.txt
Procesado: samoyed.txt
Procesado: sao.txt
Procesado: sardinian.txt
Procesado: saxon.txt
Procesado: scottish.txt
Procesado: sephardi.txt
Procesado: serbian.txt
Procesado: shatuo.txt
Procesado: shiwei.txt
Procesado: sicilian.txt
Procesado: sindhi.txt
Procesado: sinhala.txt
Procesado: slovien.txt
Procesado: sogdian.txt
Procesado: somali.txt
Procesado: songhai.txt
Procesado: soninke.txt
Procesado: sorko.txt
Procesado: suebi.txt
Procesado: sumpa.txt
Procesado: swabian.txt
Procesado: swahili.txt
Procesado: swedish.txt
Procesado: tai.txt
Procesado: tajik.txt
Procesado: tamil.txt
Procesado: tangut.txt
Procesado: telugu.txt
Procesado: tocharian.txt
Procesado: toraja.txt
Procesado: tsangpa.txt
Procesado: turkish.txt
Procesado: tuyuhun.txt
Procesado: uriankhai.txt
Procesado: uyghur.txt
Procesado: vepsian.txt
Procesado: viet.txt
Procesado: visigothic.txt
Procesado: welayta.txt
Procesado: welsh.txt
Procesado: wolof.txt
Procesado: x_test_characters.txt
Procesado: yemeni.txt
Procesado: yi.txt
Procesado: yoruba.txt
Procesado: yughur.txt
Procesado: zaghawa.txt
Procesado: zhangzhung.txt
