
--- Procesado history/cultures --- 2026-02-08 01:18:53.617523
Procesado: afghan.txt
Procesado: alan.txt
Procesado: albanian.txt
Procesado: andalusian.txt
Procesado: anglo_saxon.txt
Procesado: armenian.txt
Procesado: assamese.txt
Procesado: assyrian.txt
Procesado: avar.txt
Procesado: baranis.txt
Procesado: basque.txt
Procesado: bavarian.txt
Procesado: beja.txt
Procesado: bengali.txt
Procesado: bolghar.txt
Procesado: bosnian.txt
Procesado: bozo.txt
Procesado: brahui.txt
Procesado: breton.txt
Procesado: bulgarian.txt
Procesado: buryat.txt
Procesado: carantanian.txt
Procesado: cham.txt
Procesado: czech.txt
Procesado: daju.txt
Procesado: daylamite.txt
Procesado: dutch.txt
Procesado: egyptian.txt
Procesado: estonian.txt
Procesado: ethiopian.txt
Procesado: gaw.txt
Procesado: georgian.txt
Procesado: greek.txt
Procesado: guanches.txt
Procesado: han.txt
Procesado: hausa.txt
Procesado: heritage_ainuic.txt
Procesado: heritage_akan.txt
Procesado: heritage_arabic.txt
Procesado: heritage_austronesian.txt
Procesado: heritage_baltic.txt
Procesado: heritage_balto_finnic.txt
Procesado: heritage_bantu.txt
Procesado: heritage_berber.txt
Procesado: heritage_brythonic.txt
Procesado: heritage_burman.txt
Procesado: heritage_buyeo.txt
Procesado: heritage_central_african.txt
Procesado: heritage_central_germanic.txt
Procesado: heritage_chinese.txt
Procesado: heritage_dravidian.txt
Procesado: heritage_east_african.txt
Procesado: heritage_east_slavic.txt
Procesado: heritage_frankish.txt
Procesado: heritage_goidelic.txt
Procesado: heritage_hmongic.txt
Procesado: heritage_iberian.txt
Procesado: heritage_indo_aryan.txt
Procesado: heritage_iranian.txt
Procesado: heritage_israelite.txt
Procesado: heritage_korean.txt
Procesado: heritage_latin.txt
Procesado: heritage_mongolic.txt
Procesado: heritage_mon_khmer.txt
Procesado: heritage_north_germanic.txt
Procesado: heritage_qiangic.txt
Procesado: heritage_sahelian.txt
Procesado: heritage_senegambian.txt
Procesado: heritage_somalian.txt
Procesado: heritage_south_slavic.txt
Procesado: heritage_tai.txt
Procesado: heritage_tibetan.txt
Procesado: heritage_tocharian.txt
Procesado: heritage_tungusic.txt
Procesado: heritage_turkic.txt
Procesado: heritage_ugro_permian.txt
Procesado: heritage_volga_finnic.txt
Procesado: heritage_west_african.txt
Procesado: heritage_west_germanic.txt
Procesado: heritage_yoruba.txt
Procesado: hungarian.txt
Procesado: italian.txt
Procesado: japanese.txt
Procesado: kanuri.txt
Procesado: kashmiri.txt
Procesado: khazar.txt
Procesado: khwarezmian.txt
Procesado: kirati.txt
Procesado: kochinim.txt
Procesado: levantine.txt
Procesado: maghrebi.txt
Procesado: malay.txt
Procesado: marka.txt
Procesado: mogyer.txt
Procesado: nepali.txt
Procesado: nivkh.txt
Procesado: norman.txt
Procesado: norse.txt
Procesado: nubian.txt
Procesado: oirat.txt
Procesado: oriya.txt
Procesado: pictish.txt
Procesado: polabian.txt
Procesado: polish.txt
Procesado: pommeranian.txt
Procesado: prussian.txt
Procesado: pulaar.txt
Procesado: punjabi.txt
Procesado: radhanite.txt
Procesado: ryukyuan.txt
Procesado: sami.txt
Procesado: samoyed.txt
Procesado: sao.txt
Procesado: sardinian.txt
Procesado: saxon.txt
Procesado: scottish.txt
Procesado: sicilian.txt
Procesado: sindhi.txt
Procesado: sinhala.txt
Procesado: slovien.txt
Procesado: sogdian.txt
Procesado: sorko.txt
Procesado: swahili.txt
Procesado: tangut.txt
Procesado: turkish.txt
Procesado: turkmen.txt
Procesado: uyghur.txt
Procesado: vepsian.txt
Procesado: viet.txt
Procesado: vlach.txt
Procesado: yemeni.txt
Procesado: yoruba.txt
Procesado: zaghawa.txt
