
--- Procesado history/titles --- 2026-02-08 01:18:55.949351
Procesado: 00_other_titles.txt
Procesado: 01_admin_titles.txt
Procesado: 01_admin_titles_tgp.txt
Procesado: 01_laamp_titles.txt
Procesado: 02_japan_noble_family.txt
Procesado: 02_korea_noble_family.txt
Procesado: 02_other_noble_family.txt
Procesado: e_china.txt
Procesado: e_goryeo.txt
Procesado: e_japan.txt
Procesado: e_khmer.txt
Procesado: e_seasia.txt
Procesado: k_abyssinia.txt
Procesado: k_adal.txt
Procesado: k_africa.txt
Procesado: k_ajuraan.txt
Procesado: k_akan.txt
Procesado: k_amdo.txt
Procesado: k_amur.txt
Procesado: k_anatolia.txt
Procesado: k_anbiya.txt
Procesado: k_andalusia.txt
Procesado: k_andhra.txt
Procesado: k_angara.txt
Procesado: k_aquitaine.txt
Procesado: k_arabia.txt
Procesado: k_aragon.txt
Procesado: k_armenia.txt
Procesado: k_aynumosir.txt
Procesado: k_badajoz.txt
Procesado: k_bale.txt
Procesado: k_balhae.txt
Procesado: k_bashkiria.txt
Procesado: k_bavaria.txt
Procesado: k_bengal.txt
Procesado: k_bihar.txt
Procesado: k_bjarmaland.txt
Procesado: k_blemmyia.txt
Procesado: k_bohemia.txt
Procesado: k_borgu.txt
Procesado: k_borneo.txt
Procesado: k_brittany.txt
Procesado: k_bulgaria.txt
Procesado: k_burgundy.txt
Procesado: k_buryatia.txt
Procesado: k_caspian_steppe.txt
Procesado: k_castille.txt
Procesado: k_caucasus.txt
Procesado: k_croatia.txt
Procesado: k_cuman.txt
Procesado: k_cyprus.txt
Procesado: k_dacia.txt
Procesado: k_damot.txt
Procesado: k_darfur.txt
Procesado: k_daylam.txt
Procesado: k_delhi.txt
Procesado: k_denmark.txt
Procesado: k_dvaravati.txt
Procesado: k_dzungaria.txt
Procesado: k_east_francia.txt
Procesado: k_egypt.txt
Procesado: k_england.txt
Procesado: k_epirus.txt
Procesado: k_esthonia.txt
Procesado: k_finland.txt
Procesado: k_france.txt
Procesado: k_frisia.txt
Procesado: k_galicia-volhynia.txt
Procesado: k_georgia.txt
Procesado: k_ghana.txt
Procesado: k_gobi.txt
Procesado: k_gondwana.txt
Procesado: k_guge.txt
Procesado: k_guinea.txt
Procesado: k_gujarat.txt
Procesado: k_gur.txt
Procesado: k_gurma.txt
Procesado: k_gyalrong.txt
Procesado: k_hausaland.txt
Procesado: k_hellas.txt
Procesado: k_himalaya.txt
Procesado: k_hujung_medini.txt
Procesado: k_hungary.txt
Procesado: k_igbo-benue.txt
Procesado: k_ireland.txt
Procesado: k_italy.txt
Procesado: k_jazira.txt
Procesado: k_jenne.txt
Procesado: k_jerusalem.txt
Procesado: k_kaabu.txt
Procesado: k_kabulistan.txt
Procesado: k_kamarupa.txt
Procesado: k_kanem.txt
Procesado: k_karnata.txt
Procesado: k_kashmir.txt
Procesado: k_khakassia.txt
Procesado: k_kham.txt
Procesado: k_khitan.txt
Procesado: k_khorasan.txt
Procesado: k_khotan.txt
Procesado: k_kipchak.txt
Procesado: k_kong.txt
Procesado: k_kosala.txt
Procesado: k_krete.txt
Procesado: k_lanka.txt
Procesado: k_leon.txt
Procesado: k_lhomon.txt
Procesado: k_lithuania.txt
Procesado: k_lotharingia.txt
Procesado: k_luzhen.txt
Procesado: k_maghreb.txt
Procesado: k_maharastra.txt
Procesado: k_makran.txt
Procesado: k_malayadvipa.txt
Procesado: k_mali.txt
Procesado: k_maluku.txt
Procesado: k_malwa.txt
Procesado: k_maryul.txt
Procesado: k_mesopotamia.txt
Procesado: k_moldavia.txt
Procesado: k_mordvinia.txt
Procesado: k_naimania.txt
Procesado: k_navarra.txt
Procesado: k_nikaea.txt
Procesado: k_norway.txt
Procesado: k_novgorod.txt
Procesado: k_nubia.txt
Procesado: k_ob.txt
Procesado: k_oghuz_il.txt
Procesado: k_opolye.txt
Procesado: k_orissa.txt
Procesado: k_otuken.txt
Procesado: k_pagan.txt
Procesado: k_permia.txt
Procesado: k_persia.txt
Procesado: k_philippines.txt
Procesado: k_poland.txt
Procesado: k_pomerania.txt
Procesado: k_pontic_steppe.txt
Procesado: k_pontus.txt
Procesado: k_punjab.txt
Procesado: k_qara_dala.txt
Procesado: k_rajputana.txt
Procesado: k_romagna.txt
Procesado: k_ruthenia.txt
Procesado: k_sahara.txt
Procesado: k_sao.txt
Procesado: k_sapmi.txt
Procesado: k_sardinia.txt
Procesado: k_saryarka.txt
Procesado: k_scotland.txt
Procesado: k_serbia.txt
Procesado: k_shiwei.txt
Procesado: k_sibir.txt
Procesado: k_sicily.txt
Procesado: k_sindh.txt
Procesado: k_songhay.txt
Procesado: k_spanish_galicia.txt
Procesado: k_sulawesi.txt
Procesado: k_sweden.txt
Procesado: k_syria.txt
Procesado: k_syr_darya.txt
Procesado: k_tahert.txt
Procesado: k_takrur.txt
Procesado: k_tamilakam.txt
Procesado: k_telingana.txt
Procesado: k_thessalonika.txt
Procesado: k_transoxiana.txt
Procesado: k_tsang.txt
Procesado: k_tuva.txt
Procesado: k_u.txt
Procesado: k_valencia.txt
Procesado: k_venice.txt
Procesado: k_volga_bulgaria.txt
Procesado: k_wales.txt
Procesado: k_white_rus.txt
Procesado: k_xia.txt
Procesado: k_yavakadvipa.txt
Procesado: k_yemen.txt
Procesado: k_yorubaland.txt
Procesado: k_yugra.txt
Procesado: k_zanj.txt
Procesado: k_zhetysu.txt
