
--- Procesado common/decisions/dlc_decisions/tgp --- 2026-02-08 14:15:38.085170
Sin cambios de fecha (no copiado al mod): tgp_china_decisions.txt
Sin cambios de fecha (no copiado al mod): tgp_culture_decisions.txt
Sin cambios de fecha (no copiado al mod): tgp_dynastic_cycle_decisions.txt
Sin cambios de fecha (no copiado al mod): tgp_east_asia_decisions.txt
Procesado (cambia fecha): tgp_japan_decisions.txt
Sin cambios de fecha (no copiado al mod): tgp_korea_decisions.txt
Sin cambios de fecha (no copiado al mod): tgp_silk_road_decisions.txt
Sin cambios de fecha (no copiado al mod): tgp_steppe_decisions.txt
Sin cambios de fecha (no copiado al mod): tgp_tenet_decisions.txt
Sin cambios de fecha (no copiado al mod): tgp_tribute_mission_decisions.txt

--- Procesado common/decisions/dlc_decisions/tgp --- 2026-02-08 14:22:11.659799
Sin cambios de fecha (no copiado al mod): tgp_china_decisions.txt
Sin cambios de fecha (no copiado al mod): tgp_culture_decisions.txt
Sin cambios de fecha (no copiado al mod): tgp_dynastic_cycle_decisions.txt
Sin cambios de fecha (no copiado al mod): tgp_east_asia_decisions.txt
Procesado (cambia fecha): tgp_japan_decisions.txt
Sin cambios de fecha (no copiado al mod): tgp_korea_decisions.txt
Sin cambios de fecha (no copiado al mod): tgp_silk_road_decisions.txt
Sin cambios de fecha (no copiado al mod): tgp_steppe_decisions.txt
Sin cambios de fecha (no copiado al mod): tgp_tenet_decisions.txt
Sin cambios de fecha (no copiado al mod): tgp_tribute_mission_decisions.txt
