
--- Procesado common/decisions --- 2026-02-08 14:15:37.120617
Sin cambios de fecha (no copiado al mod): 00_artifact_decisions.txt
Sin cambios de fecha (no copiado al mod): 00_cultural_tradition_decisions.txt
Sin cambios de fecha (no copiado al mod): 00_diarchy_decisions.txt
Sin cambios de fecha (no copiado al mod): 00_dynasty_decisions.txt
Sin cambios de fecha (no copiado al mod): 00_fp3_decisions.txt
Sin cambios de fecha (no copiado al mod): 00_guest_decisions.txt
Sin cambios de fecha (no copiado al mod): 00_holy_order_decisions.txt
Sin cambios de fecha (no copiado al mod): 00_lifestyle_decisions.txt
Procesado (cambia fecha): 00_major_decisions_east_europe.txt
Procesado (cambia fecha): 00_major_decisions_iberia_north_africa.txt
Sin cambios de fecha (no copiado al mod): 00_trait_decisions.txt
Sin cambios de fecha (no copiado al mod): 00_unity_decisions.txt
Sin cambios de fecha (no copiado al mod): 04_ep2_decisions.txt
Sin cambios de fecha (no copiado al mod): 06_ce1_decisions.txt
Sin cambios de fecha (no copiado al mod): 10_ach_oath_decisions.txt
Sin cambios de fecha (no copiado al mod): 10_culture_conversion_decisions.txt
Sin cambios de fecha (no copiado al mod): 10_nomad_culture_and_faith_decisions.txt
Sin cambios de fecha (no copiado al mod): 10_nomad_other_decisions.txt
Sin cambios de fecha (no copiado al mod): 10_religious_decisions.txt
Sin cambios de fecha (no copiado al mod): 30_activity_decisions.txt
Sin cambios de fecha (no copiado al mod): 30_court_decisions.txt
Sin cambios de fecha (no copiado al mod): 30_mongol_invasion_decisions.txt
Sin cambios de fecha (no copiado al mod): 40_japan_decisions.txt
Procesado (cambia fecha): 80_major_decisions.txt
Procesado (cambia fecha): 80_major_decisions_british_isles.txt
Sin cambios de fecha (no copiado al mod): 80_major_decisions_central_asia.txt
Sin cambios de fecha (no copiado al mod): 80_major_decisions_east_asia.txt
Sin cambios de fecha (no copiado al mod): 80_major_decisions_middle_east.txt
Sin cambios de fecha (no copiado al mod): 80_major_decisions_middle_europe.txt
Procesado (cambia fecha): 80_major_decisions_roman.txt
Sin cambios de fecha (no copiado al mod): 80_major_decisions_south_asia.txt
Sin cambios de fecha (no copiado al mod): 90_minor_decisions.txt
Sin cambios de fecha (no copiado al mod): test_decision.txt
Sin cambios de fecha (no copiado al mod): tutorial_decisions.txt
Sin cambios de fecha (no copiado al mod): dlc_decisions\03_fp2_decisions.txt
Procesado (cambia fecha): dlc_decisions\ep3_decisions.txt
Sin cambios de fecha (no copiado al mod): dlc_decisions\fp3_decisions.txt
Sin cambios de fecha (no copiado al mod): dlc_decisions\bp3\00_bp3_other_decisions.txt
Sin cambios de fecha (no copiado al mod): dlc_decisions\bp_2\00_bp2_other_decisions.txt
Sin cambios de fecha (no copiado al mod): dlc_decisions\ce_1\ce1_legendary_decisions.txt
Sin cambios de fecha (no copiado al mod): dlc_decisions\ep_1\00_ep1_court_grandeur_and_amenity_decisions.txt
Sin cambios de fecha (no copiado al mod): dlc_decisions\ep_1\00_ep1_other_decisions.txt
Sin cambios de fecha (no copiado al mod): dlc_decisions\ep_2\00_ep2_other_decisions.txt
Sin cambios de fecha (no copiado al mod): dlc_decisions\ep_3\06_ep3_admin_decisions.txt
Sin cambios de fecha (no copiado al mod): dlc_decisions\ep_3\06_ep3_hasan_story_cycle_decisions.txt
Sin cambios de fecha (no copiado al mod): dlc_decisions\ep_3\06_ep3_laamp_decisions.txt
Sin cambios de fecha (no copiado al mod): dlc_decisions\ep_3\06_ep3_separatist_uprising_decision.txt
Procesado (cambia fecha): dlc_decisions\fp_1\00_fp1_major_decisions.txt
Sin cambios de fecha (no copiado al mod): dlc_decisions\fp_1\00_fp1_other_decisions.txt
Sin cambios de fecha (no copiado al mod): dlc_decisions\fp_3\fp3_dynasty_decisions.txt
Sin cambios de fecha (no copiado al mod): dlc_decisions\fp_3\fp3_islamic_decisions.txt
Sin cambios de fecha (no copiado al mod): dlc_decisions\fp_3\fp3_minor_decisions.txt
Sin cambios de fecha (no copiado al mod): dlc_decisions\fp_3\fp3_scholarship_decisions.txt
Procesado (cambia fecha): dlc_decisions\fp_3\fp3_zoroastrian_decisions.txt
Sin cambios de fecha (no copiado al mod): dlc_decisions\mpo\09_mpo_decisions_2.txt
Sin cambios de fecha (no copiado al mod): dlc_decisions\mpo\mpo_court_astrologer_decision.txt
Sin cambios de fecha (no copiado al mod): dlc_decisions\mpo\mpo_decisions.txt
Sin cambios de fecha (no copiado al mod): dlc_decisions\mpo\mpo_flavor_decision.txt
Sin cambios de fecha (no copiado al mod): dlc_decisions\mpo\mpo_pax_mongolica_decision.txt
Sin cambios de fecha (no copiado al mod): dlc_decisions\tgp\tgp_china_decisions.txt
Sin cambios de fecha (no copiado al mod): dlc_decisions\tgp\tgp_culture_decisions.txt
Sin cambios de fecha (no copiado al mod): dlc_decisions\tgp\tgp_dynastic_cycle_decisions.txt
Sin cambios de fecha (no copiado al mod): dlc_decisions\tgp\tgp_east_asia_decisions.txt
Procesado (cambia fecha): dlc_decisions\tgp\tgp_japan_decisions.txt
Sin cambios de fecha (no copiado al mod): dlc_decisions\tgp\tgp_korea_decisions.txt
Sin cambios de fecha (no copiado al mod): dlc_decisions\tgp\tgp_silk_road_decisions.txt
Sin cambios de fecha (no copiado al mod): dlc_decisions\tgp\tgp_steppe_decisions.txt
Sin cambios de fecha (no copiado al mod): dlc_decisions\tgp\tgp_tenet_decisions.txt
Sin cambios de fecha (no copiado al mod): dlc_decisions\tgp\tgp_tribute_mission_decisions.txt

--- Procesado common/decisions --- 2026-02-08 14:22:11.454664
Sin cambios de fecha (no copiado al mod): 00_artifact_decisions.txt
Sin cambios de fecha (no copiado al mod): 00_cultural_tradition_decisions.txt
Sin cambios de fecha (no copiado al mod): 00_diarchy_decisions.txt
Sin cambios de fecha (no copiado al mod): 00_dynasty_decisions.txt
Sin cambios de fecha (no copiado al mod): 00_fp3_decisions.txt
Sin cambios de fecha (no copiado al mod): 00_guest_decisions.txt
Sin cambios de fecha (no copiado al mod): 00_holy_order_decisions.txt
Sin cambios de fecha (no copiado al mod): 00_lifestyle_decisions.txt
Procesado (cambia fecha): 00_major_decisions_east_europe.txt
Procesado (cambia fecha): 00_major_decisions_iberia_north_africa.txt
Sin cambios de fecha (no copiado al mod): 00_trait_decisions.txt
Sin cambios de fecha (no copiado al mod): 00_unity_decisions.txt
Sin cambios de fecha (no copiado al mod): 04_ep2_decisions.txt
Sin cambios de fecha (no copiado al mod): 06_ce1_decisions.txt
Sin cambios de fecha (no copiado al mod): 10_ach_oath_decisions.txt
Sin cambios de fecha (no copiado al mod): 10_culture_conversion_decisions.txt
Sin cambios de fecha (no copiado al mod): 10_nomad_culture_and_faith_decisions.txt
Sin cambios de fecha (no copiado al mod): 10_nomad_other_decisions.txt
Sin cambios de fecha (no copiado al mod): 10_religious_decisions.txt
Sin cambios de fecha (no copiado al mod): 30_activity_decisions.txt
Sin cambios de fecha (no copiado al mod): 30_court_decisions.txt
Sin cambios de fecha (no copiado al mod): 30_mongol_invasion_decisions.txt
Sin cambios de fecha (no copiado al mod): 40_japan_decisions.txt
Procesado (cambia fecha): 80_major_decisions.txt
Procesado (cambia fecha): 80_major_decisions_british_isles.txt
Sin cambios de fecha (no copiado al mod): 80_major_decisions_central_asia.txt
Sin cambios de fecha (no copiado al mod): 80_major_decisions_east_asia.txt
Sin cambios de fecha (no copiado al mod): 80_major_decisions_middle_east.txt
Sin cambios de fecha (no copiado al mod): 80_major_decisions_middle_europe.txt
Procesado (cambia fecha): 80_major_decisions_roman.txt
Sin cambios de fecha (no copiado al mod): 80_major_decisions_south_asia.txt
Sin cambios de fecha (no copiado al mod): 90_minor_decisions.txt
Sin cambios de fecha (no copiado al mod): test_decision.txt
Sin cambios de fecha (no copiado al mod): tutorial_decisions.txt
Sin cambios de fecha (no copiado al mod): dlc_decisions\03_fp2_decisions.txt
Procesado (cambia fecha): dlc_decisions\ep3_decisions.txt
Sin cambios de fecha (no copiado al mod): dlc_decisions\fp3_decisions.txt
Sin cambios de fecha (no copiado al mod): dlc_decisions\bp3\00_bp3_other_decisions.txt
Sin cambios de fecha (no copiado al mod): dlc_decisions\bp_2\00_bp2_other_decisions.txt
Sin cambios de fecha (no copiado al mod): dlc_decisions\ce_1\ce1_legendary_decisions.txt
Sin cambios de fecha (no copiado al mod): dlc_decisions\ep_1\00_ep1_court_grandeur_and_amenity_decisions.txt
Sin cambios de fecha (no copiado al mod): dlc_decisions\ep_1\00_ep1_other_decisions.txt
Sin cambios de fecha (no copiado al mod): dlc_decisions\ep_2\00_ep2_other_decisions.txt
Sin cambios de fecha (no copiado al mod): dlc_decisions\ep_3\06_ep3_admin_decisions.txt
Sin cambios de fecha (no copiado al mod): dlc_decisions\ep_3\06_ep3_hasan_story_cycle_decisions.txt
Sin cambios de fecha (no copiado al mod): dlc_decisions\ep_3\06_ep3_laamp_decisions.txt
Sin cambios de fecha (no copiado al mod): dlc_decisions\ep_3\06_ep3_separatist_uprising_decision.txt
Procesado (cambia fecha): dlc_decisions\fp_1\00_fp1_major_decisions.txt
Sin cambios de fecha (no copiado al mod): dlc_decisions\fp_1\00_fp1_other_decisions.txt
Sin cambios de fecha (no copiado al mod): dlc_decisions\fp_3\fp3_dynasty_decisions.txt
Sin cambios de fecha (no copiado al mod): dlc_decisions\fp_3\fp3_islamic_decisions.txt
Sin cambios de fecha (no copiado al mod): dlc_decisions\fp_3\fp3_minor_decisions.txt
Sin cambios de fecha (no copiado al mod): dlc_decisions\fp_3\fp3_scholarship_decisions.txt
Procesado (cambia fecha): dlc_decisions\fp_3\fp3_zoroastrian_decisions.txt
Sin cambios de fecha (no copiado al mod): dlc_decisions\mpo\09_mpo_decisions_2.txt
Sin cambios de fecha (no copiado al mod): dlc_decisions\mpo\mpo_court_astrologer_decision.txt
Sin cambios de fecha (no copiado al mod): dlc_decisions\mpo\mpo_decisions.txt
Sin cambios de fecha (no copiado al mod): dlc_decisions\mpo\mpo_flavor_decision.txt
Sin cambios de fecha (no copiado al mod): dlc_decisions\mpo\mpo_pax_mongolica_decision.txt
Sin cambios de fecha (no copiado al mod): dlc_decisions\tgp\tgp_china_decisions.txt
Sin cambios de fecha (no copiado al mod): dlc_decisions\tgp\tgp_culture_decisions.txt
Sin cambios de fecha (no copiado al mod): dlc_decisions\tgp\tgp_dynastic_cycle_decisions.txt
Sin cambios de fecha (no copiado al mod): dlc_decisions\tgp\tgp_east_asia_decisions.txt
Procesado (cambia fecha): dlc_decisions\tgp\tgp_japan_decisions.txt
Sin cambios de fecha (no copiado al mod): dlc_decisions\tgp\tgp_korea_decisions.txt
Sin cambios de fecha (no copiado al mod): dlc_decisions\tgp\tgp_silk_road_decisions.txt
Sin cambios de fecha (no copiado al mod): dlc_decisions\tgp\tgp_steppe_decisions.txt
Sin cambios de fecha (no copiado al mod): dlc_decisions\tgp\tgp_tenet_decisions.txt
Sin cambios de fecha (no copiado al mod): dlc_decisions\tgp\tgp_tribute_mission_decisions.txt
