
--- Procesado common/scripted_triggers --- 2026-02-08 14:15:43.833013
Sin cambios de fecha (no copiado al mod): 00_activity_triggers.txt
Sin cambios de fecha (no copiado al mod): 00_adultery_triggers.txt
Sin cambios de fecha (no copiado al mod): 00_ai_acceptance_triggers.txt
Sin cambios de fecha (no copiado al mod): 00_ai_value_triggers.txt
Procesado (cambia fecha): 00_artifact_triggers.txt
Sin cambios de fecha (no copiado al mod): 00_auto_character_triggers.txt
Sin cambios de fecha (no copiado al mod): 00_available_for_events_triggers.txt
Sin cambios de fecha (no copiado al mod): 00_bastard_triggers.txt
Sin cambios de fecha (no copiado al mod): 00_birth_triggers.txt
Sin cambios de fecha (no copiado al mod): 00_board_game_scripted_triggers.txt
Sin cambios de fecha (no copiado al mod): 00_building_requirement_triggers.txt
Sin cambios de fecha (no copiado al mod): 00_childhood_triggers.txt
Sin cambios de fecha (no copiado al mod): 00_clan_triggers.txt
Sin cambios de fecha (no copiado al mod): 00_clothing_triggers.txt
Sin cambios de fecha (no copiado al mod): 00_coa_triggers.txt
Sin cambios de fecha (no copiado al mod): 00_commander_triggers.txt
Sin cambios de fecha (no copiado al mod): 00_compliment_triggers.txt
Sin cambios de fecha (no copiado al mod): 00_councillor_triggers.txt
Sin cambios de fecha (no copiado al mod): 00_county_corruption_triggers.txt
Sin cambios de fecha (no copiado al mod): 00_courtier_guest_management_triggers.txt
Sin cambios de fecha (no copiado al mod): 00_court_position_triggers.txt
Sin cambios de fecha (no copiado al mod): 00_court_role_triggers.txt
Sin cambios de fecha (no copiado al mod): 00_court_scheme_triggers.txt
Sin cambios de fecha (no copiado al mod): 00_crime_triggers.txt
Sin cambios de fecha (no copiado al mod): 00_crypto_religionist_triggers.txt
Sin cambios de fecha (no copiado al mod): 00_cultural_heritage_triggers.txt
Sin cambios de fecha (no copiado al mod): 00_cultural_triggers.txt
Sin cambios de fecha (no copiado al mod): 00_death_management_triggers.txt
Sin cambios de fecha (no copiado al mod): 00_diarchy_scripted_triggers.txt
Sin cambios de fecha (no copiado al mod): 00_distance_triggers.txt
Sin cambios de fecha (no copiado al mod): 00_dynasty_triggers.txt
Sin cambios de fecha (no copiado al mod): 00_economic_triggers.txt
Sin cambios de fecha (no copiado al mod): 00_education_triggers.txt
Sin cambios de fecha (no copiado al mod): 00_elective_triggers.txt
Sin cambios de fecha (no copiado al mod): 00_faction_triggers.txt
Sin cambios de fecha (no copiado al mod): 00_family_triggers.txt
Sin cambios de fecha (no copiado al mod): 00_feast_activity_triggers.txt
Sin cambios de fecha (no copiado al mod): 00_food_scripted_triggers.txt
Sin cambios de fecha (no copiado al mod): 00_funeral_and_body_disposal_triggers.txt
Sin cambios de fecha (no copiado al mod): 00_game_rule_triggers.txt
Sin cambios de fecha (no copiado al mod): 00_general_trait_triggers.txt
Sin cambios de fecha (no copiado al mod): 00_generic_event_sensibility_triggers.txt
Sin cambios de fecha (no copiado al mod): 00_generic_struggle_scripted_triggers.txt
Sin cambios de fecha (no copiado al mod): 00_government_triggers.txt
Sin cambios de fecha (no copiado al mod): 00_great_holy_war_triggers.txt
Sin cambios de fecha (no copiado al mod): 00_has_dlc_scripted_triggers.txt
Sin cambios de fecha (no copiado al mod): 00_hunt_triggers.txt
Sin cambios de fecha (no copiado al mod): 00_illustration_triggers.txt
Sin cambios de fecha (no copiado al mod): 00_important_actions_triggers.txt
Sin cambios de fecha (no copiado al mod): 00_interaction_triggers.txt
Sin cambios de fecha (no copiado al mod): 00_journey_triggers.txt
Sin cambios de fecha (no copiado al mod): 00_laamp_triggers.txt
Sin cambios de fecha (no copiado al mod): 00_law_triggers.txt
Sin cambios de fecha (no copiado al mod): 00_legal_triggers.txt
Sin cambios de fecha (no copiado al mod): 00_lifestyle_perk_triggers.txt
Sin cambios de fecha (no copiado al mod): 00_lifestyle_triggers.txt
Sin cambios de fecha (no copiado al mod): 00_major_decision_triggers.txt
Sin cambios de fecha (no copiado al mod): 00_marriage_triggers.txt
Sin cambios de fecha (no copiado al mod): 00_military_triggers.txt
Sin cambios de fecha (no copiado al mod): 00_opinion_scripted_triggers.txt
Sin cambios de fecha (no copiado al mod): 00_personality_trait_triggers.txt
Sin cambios de fecha (no copiado al mod): 00_personality_triggers.txt
Sin cambios de fecha (no copiado al mod): 00_pet_triggers.txt
Sin cambios de fecha (no copiado al mod): 00_physical_appearance_triggers.txt
Sin cambios de fecha (no copiado al mod): 00_pilgrimage_triggers.txt
Sin cambios de fecha (no copiado al mod): 00_playdate_activity_triggers.txt
Sin cambios de fecha (no copiado al mod): 00_province_triggers.txt
Sin cambios de fecha (no copiado al mod): 00_relation_triggers.txt
Sin cambios de fecha (no copiado al mod): 00_religious_triggers.txt
Sin cambios de fecha (no copiado al mod): 00_rich_presence_triggers.txt
Sin cambios de fecha (no copiado al mod): 00_roaming_activity_triggers.txt
Sin cambios de fecha (no copiado al mod): 00_romance_and_seduction_triggers.txt
Sin cambios de fecha (no copiado al mod): 00_scheme_befriend_triggers.txt
Sin cambios de fecha (no copiado al mod): 00_scheme_triggers.txt
Sin cambios de fecha (no copiado al mod): 00_scripted_rule_triggers.txt
Procesado (cambia fecha): 00_scripted_triggers.txt
Sin cambios de fecha (no copiado al mod): 00_secret_triggers.txt
Sin cambios de fecha (no copiado al mod): 00_secret_type_triggers.txt
Sin cambios de fecha (no copiado al mod): 00_sibling_triggers.txt
Sin cambios de fecha (no copiado al mod): 00_single_combat_scripted_triggers.txt
Sin cambios de fecha (no copiado al mod): 00_statecraft_lifestyle_triggers.txt
Sin cambios de fecha (no copiado al mod): 00_stress_triggers.txt
Procesado (cambia fecha): 00_succession_triggers.txt
Sin cambios de fecha (no copiado al mod): 00_task_contract_triggers.txt
Sin cambios de fecha (no copiado al mod): 00_terrain_triggers.txt
Procesado (cambia fecha): 00_title_triggers.txt
Sin cambios de fecha (no copiado al mod): 00_travel_triggers.txt
Sin cambios de fecha (no copiado al mod): 00_tutorial_triggers.txt
Sin cambios de fecha (no copiado al mod): 00_vassal_stance_triggers.txt
Sin cambios de fecha (no copiado al mod): 00_war_and_peace_triggers.txt
Sin cambios de fecha (no copiado al mod): 00_weather_triggers.txt
Sin cambios de fecha (no copiado al mod): 00_witch_triggers.txt
Sin cambios de fecha (no copiado al mod): 01_bp1_filippa_scripted_triggers.txt
Sin cambios de fecha (no copiado al mod): 01_building_upgrade_triggers.txt
Procesado (cambia fecha): 01_fp1_scripted_triggers.txt
Sin cambios de fecha (no copiado al mod): 02_ep1_scripted_triggers.txt
Sin cambios de fecha (no copiado al mod): 03_bp1_scripted_triggers.txt
Sin cambios de fecha (no copiado al mod): 03_bp2_scripted_triggers.txt
Sin cambios de fecha (no copiado al mod): 03_fp2_scripted_triggers.txt
Sin cambios de fecha (no copiado al mod): 04_ep2_accolade_triggers.txt
Sin cambios de fecha (no copiado al mod): 04_ep2_tournament_triggers.txt
Sin cambios de fecha (no copiado al mod): 04_ep2_tour_triggers.txt
Sin cambios de fecha (no copiado al mod): 04_ep2_wedding_triggers.txt
Sin cambios de fecha (no copiado al mod): 05_bp2_hostage_triggers.txt
Sin cambios de fecha (no copiado al mod): 05_bp2_scripted_triggers.txt
Sin cambios de fecha (no copiado al mod): 05_bp2_triggers.txt
Sin cambios de fecha (no copiado al mod): 06_bp3_triggers.txt
Sin cambios de fecha (no copiado al mod): 06_ce1_epidemic_triggers.txt
Sin cambios de fecha (no copiado al mod): 06_ce1_legend_triggers.txt
Sin cambios de fecha (no copiado al mod): 06_ce1_legitimacy_triggers.txt
Sin cambios de fecha (no copiado al mod): 06_fp3_scripted_triggers.txt
Sin cambios de fecha (no copiado al mod): 07_ep3_petition_triggers.txt
Sin cambios de fecha (no copiado al mod): 07_ep3_triggers.txt
Procesado (cambia fecha): 07_frankokratia_triggers.txt
Sin cambios de fecha (no copiado al mod): 08_bp3_triggers.txt
Sin cambios de fecha (no copiado al mod): 09_mpo_greatest_of_khans_triggers.txt
Sin cambios de fecha (no copiado al mod): 09_mpo_settlement_issue_triggers.txt
Sin cambios de fecha (no copiado al mod): 10_ach_scripted_triggers.txt
Sin cambios de fecha (no copiado al mod): 10_tgp_dynastic_cycle_triggers.txt
Sin cambios de fecha (no copiado al mod): 10_tgp_house_bloc_triggers.txt
Sin cambios de fecha (no copiado al mod): 10_tgp_house_relation_triggers.txt
Sin cambios de fecha (no copiado al mod): 10_tgp_japan_triggers.txt
Sin cambios de fecha (no copiado al mod): 10_tgp_korea_triggers.txt
Sin cambios de fecha (no copiado al mod): 10_tgp_natural_disaster_triggers.txt
Sin cambios de fecha (no copiado al mod): 10_tgp_triggers.txt
Sin cambios de fecha (no copiado al mod): 20_health_balancing_triggers.txt
Sin cambios de fecha (no copiado al mod): 20_health_triggers.txt
Sin cambios de fecha (no copiado al mod): great_project_triggers.txt
Sin cambios de fecha (no copiado al mod): mpo_scripted_triggers.txt
Sin cambios de fecha (no copiado al mod): music_triggers.txt
Sin cambios de fecha (no copiado al mod): tgp_imperial_examination_triggers.txt
Sin cambios de fecha (no copiado al mod): tgp_mandala_task_contract_triggers.txt
Sin cambios de fecha (no copiado al mod): tgp_mandala_triggers.txt
Sin cambios de fecha (no copiado al mod): tgp_silk_road_triggers.txt
Sin cambios de fecha (no copiado al mod): tgp_tribute_mission_triggers.txt

--- Procesado common/scripted_triggers --- 2026-02-08 14:22:12.609210
Sin cambios de fecha (no copiado al mod): 00_activity_triggers.txt
Sin cambios de fecha (no copiado al mod): 00_adultery_triggers.txt
Sin cambios de fecha (no copiado al mod): 00_ai_acceptance_triggers.txt
Sin cambios de fecha (no copiado al mod): 00_ai_value_triggers.txt
Procesado (cambia fecha): 00_artifact_triggers.txt
Sin cambios de fecha (no copiado al mod): 00_auto_character_triggers.txt
Sin cambios de fecha (no copiado al mod): 00_available_for_events_triggers.txt
Sin cambios de fecha (no copiado al mod): 00_bastard_triggers.txt
Sin cambios de fecha (no copiado al mod): 00_birth_triggers.txt
Sin cambios de fecha (no copiado al mod): 00_board_game_scripted_triggers.txt
Sin cambios de fecha (no copiado al mod): 00_building_requirement_triggers.txt
Sin cambios de fecha (no copiado al mod): 00_childhood_triggers.txt
Sin cambios de fecha (no copiado al mod): 00_clan_triggers.txt
Sin cambios de fecha (no copiado al mod): 00_clothing_triggers.txt
Sin cambios de fecha (no copiado al mod): 00_coa_triggers.txt
Sin cambios de fecha (no copiado al mod): 00_commander_triggers.txt
Sin cambios de fecha (no copiado al mod): 00_compliment_triggers.txt
Sin cambios de fecha (no copiado al mod): 00_councillor_triggers.txt
Sin cambios de fecha (no copiado al mod): 00_county_corruption_triggers.txt
Sin cambios de fecha (no copiado al mod): 00_courtier_guest_management_triggers.txt
Sin cambios de fecha (no copiado al mod): 00_court_position_triggers.txt
Sin cambios de fecha (no copiado al mod): 00_court_role_triggers.txt
Sin cambios de fecha (no copiado al mod): 00_court_scheme_triggers.txt
Sin cambios de fecha (no copiado al mod): 00_crime_triggers.txt
Sin cambios de fecha (no copiado al mod): 00_crypto_religionist_triggers.txt
Sin cambios de fecha (no copiado al mod): 00_cultural_heritage_triggers.txt
Sin cambios de fecha (no copiado al mod): 00_cultural_triggers.txt
Sin cambios de fecha (no copiado al mod): 00_death_management_triggers.txt
Sin cambios de fecha (no copiado al mod): 00_diarchy_scripted_triggers.txt
Sin cambios de fecha (no copiado al mod): 00_distance_triggers.txt
Sin cambios de fecha (no copiado al mod): 00_dynasty_triggers.txt
Sin cambios de fecha (no copiado al mod): 00_economic_triggers.txt
Sin cambios de fecha (no copiado al mod): 00_education_triggers.txt
Sin cambios de fecha (no copiado al mod): 00_elective_triggers.txt
Sin cambios de fecha (no copiado al mod): 00_faction_triggers.txt
Sin cambios de fecha (no copiado al mod): 00_family_triggers.txt
Sin cambios de fecha (no copiado al mod): 00_feast_activity_triggers.txt
Sin cambios de fecha (no copiado al mod): 00_food_scripted_triggers.txt
Sin cambios de fecha (no copiado al mod): 00_funeral_and_body_disposal_triggers.txt
Sin cambios de fecha (no copiado al mod): 00_game_rule_triggers.txt
Sin cambios de fecha (no copiado al mod): 00_general_trait_triggers.txt
Sin cambios de fecha (no copiado al mod): 00_generic_event_sensibility_triggers.txt
Sin cambios de fecha (no copiado al mod): 00_generic_struggle_scripted_triggers.txt
Sin cambios de fecha (no copiado al mod): 00_government_triggers.txt
Sin cambios de fecha (no copiado al mod): 00_great_holy_war_triggers.txt
Sin cambios de fecha (no copiado al mod): 00_has_dlc_scripted_triggers.txt
Sin cambios de fecha (no copiado al mod): 00_hunt_triggers.txt
Sin cambios de fecha (no copiado al mod): 00_illustration_triggers.txt
Sin cambios de fecha (no copiado al mod): 00_important_actions_triggers.txt
Sin cambios de fecha (no copiado al mod): 00_interaction_triggers.txt
Sin cambios de fecha (no copiado al mod): 00_journey_triggers.txt
Sin cambios de fecha (no copiado al mod): 00_laamp_triggers.txt
Sin cambios de fecha (no copiado al mod): 00_law_triggers.txt
Sin cambios de fecha (no copiado al mod): 00_legal_triggers.txt
Sin cambios de fecha (no copiado al mod): 00_lifestyle_perk_triggers.txt
Sin cambios de fecha (no copiado al mod): 00_lifestyle_triggers.txt
Sin cambios de fecha (no copiado al mod): 00_major_decision_triggers.txt
Sin cambios de fecha (no copiado al mod): 00_marriage_triggers.txt
Sin cambios de fecha (no copiado al mod): 00_military_triggers.txt
Sin cambios de fecha (no copiado al mod): 00_opinion_scripted_triggers.txt
Sin cambios de fecha (no copiado al mod): 00_personality_trait_triggers.txt
Sin cambios de fecha (no copiado al mod): 00_personality_triggers.txt
Sin cambios de fecha (no copiado al mod): 00_pet_triggers.txt
Sin cambios de fecha (no copiado al mod): 00_physical_appearance_triggers.txt
Sin cambios de fecha (no copiado al mod): 00_pilgrimage_triggers.txt
Sin cambios de fecha (no copiado al mod): 00_playdate_activity_triggers.txt
Sin cambios de fecha (no copiado al mod): 00_province_triggers.txt
Sin cambios de fecha (no copiado al mod): 00_relation_triggers.txt
Sin cambios de fecha (no copiado al mod): 00_religious_triggers.txt
Sin cambios de fecha (no copiado al mod): 00_rich_presence_triggers.txt
Sin cambios de fecha (no copiado al mod): 00_roaming_activity_triggers.txt
Sin cambios de fecha (no copiado al mod): 00_romance_and_seduction_triggers.txt
Sin cambios de fecha (no copiado al mod): 00_scheme_befriend_triggers.txt
Sin cambios de fecha (no copiado al mod): 00_scheme_triggers.txt
Sin cambios de fecha (no copiado al mod): 00_scripted_rule_triggers.txt
Procesado (cambia fecha): 00_scripted_triggers.txt
Sin cambios de fecha (no copiado al mod): 00_secret_triggers.txt
Sin cambios de fecha (no copiado al mod): 00_secret_type_triggers.txt
Sin cambios de fecha (no copiado al mod): 00_sibling_triggers.txt
Sin cambios de fecha (no copiado al mod): 00_single_combat_scripted_triggers.txt
Sin cambios de fecha (no copiado al mod): 00_statecraft_lifestyle_triggers.txt
Sin cambios de fecha (no copiado al mod): 00_stress_triggers.txt
Procesado (cambia fecha): 00_succession_triggers.txt
Sin cambios de fecha (no copiado al mod): 00_task_contract_triggers.txt
Sin cambios de fecha (no copiado al mod): 00_terrain_triggers.txt
Procesado (cambia fecha): 00_title_triggers.txt
Sin cambios de fecha (no copiado al mod): 00_travel_triggers.txt
Sin cambios de fecha (no copiado al mod): 00_tutorial_triggers.txt
Sin cambios de fecha (no copiado al mod): 00_vassal_stance_triggers.txt
Sin cambios de fecha (no copiado al mod): 00_war_and_peace_triggers.txt
Sin cambios de fecha (no copiado al mod): 00_weather_triggers.txt
Sin cambios de fecha (no copiado al mod): 00_witch_triggers.txt
Sin cambios de fecha (no copiado al mod): 01_bp1_filippa_scripted_triggers.txt
Sin cambios de fecha (no copiado al mod): 01_building_upgrade_triggers.txt
Procesado (cambia fecha): 01_fp1_scripted_triggers.txt
Sin cambios de fecha (no copiado al mod): 02_ep1_scripted_triggers.txt
Sin cambios de fecha (no copiado al mod): 03_bp1_scripted_triggers.txt
Sin cambios de fecha (no copiado al mod): 03_bp2_scripted_triggers.txt
Sin cambios de fecha (no copiado al mod): 03_fp2_scripted_triggers.txt
Sin cambios de fecha (no copiado al mod): 04_ep2_accolade_triggers.txt
Sin cambios de fecha (no copiado al mod): 04_ep2_tournament_triggers.txt
Sin cambios de fecha (no copiado al mod): 04_ep2_tour_triggers.txt
Sin cambios de fecha (no copiado al mod): 04_ep2_wedding_triggers.txt
Sin cambios de fecha (no copiado al mod): 05_bp2_hostage_triggers.txt
Sin cambios de fecha (no copiado al mod): 05_bp2_scripted_triggers.txt
Sin cambios de fecha (no copiado al mod): 05_bp2_triggers.txt
Sin cambios de fecha (no copiado al mod): 06_bp3_triggers.txt
Sin cambios de fecha (no copiado al mod): 06_ce1_epidemic_triggers.txt
Sin cambios de fecha (no copiado al mod): 06_ce1_legend_triggers.txt
Sin cambios de fecha (no copiado al mod): 06_ce1_legitimacy_triggers.txt
Sin cambios de fecha (no copiado al mod): 06_fp3_scripted_triggers.txt
Sin cambios de fecha (no copiado al mod): 07_ep3_petition_triggers.txt
Sin cambios de fecha (no copiado al mod): 07_ep3_triggers.txt
Procesado (cambia fecha): 07_frankokratia_triggers.txt
Sin cambios de fecha (no copiado al mod): 08_bp3_triggers.txt
Sin cambios de fecha (no copiado al mod): 09_mpo_greatest_of_khans_triggers.txt
Sin cambios de fecha (no copiado al mod): 09_mpo_settlement_issue_triggers.txt
Sin cambios de fecha (no copiado al mod): 10_ach_scripted_triggers.txt
Sin cambios de fecha (no copiado al mod): 10_tgp_dynastic_cycle_triggers.txt
Sin cambios de fecha (no copiado al mod): 10_tgp_house_bloc_triggers.txt
Sin cambios de fecha (no copiado al mod): 10_tgp_house_relation_triggers.txt
Sin cambios de fecha (no copiado al mod): 10_tgp_japan_triggers.txt
Sin cambios de fecha (no copiado al mod): 10_tgp_korea_triggers.txt
Sin cambios de fecha (no copiado al mod): 10_tgp_natural_disaster_triggers.txt
Sin cambios de fecha (no copiado al mod): 10_tgp_triggers.txt
Sin cambios de fecha (no copiado al mod): 20_health_balancing_triggers.txt
Sin cambios de fecha (no copiado al mod): 20_health_triggers.txt
Sin cambios de fecha (no copiado al mod): great_project_triggers.txt
Sin cambios de fecha (no copiado al mod): mpo_scripted_triggers.txt
Sin cambios de fecha (no copiado al mod): music_triggers.txt
Sin cambios de fecha (no copiado al mod): tgp_imperial_examination_triggers.txt
Sin cambios de fecha (no copiado al mod): tgp_mandala_task_contract_triggers.txt
Sin cambios de fecha (no copiado al mod): tgp_mandala_triggers.txt
Sin cambios de fecha (no copiado al mod): tgp_silk_road_triggers.txt
Sin cambios de fecha (no copiado al mod): tgp_tribute_mission_triggers.txt
