
--- Procesado common/scripted_modifiers --- 2026-02-08 14:15:43.360832
Sin cambios de fecha (no copiado al mod): 00_activity_scripted_modifiers.txt
Sin cambios de fecha (no copiado al mod): 00_ai_value_modifiers.txt
Sin cambios de fecha (no copiado al mod): 00_building_modifiers.txt
Sin cambios de fecha (no copiado al mod): 00_character_selection_scripted_modifiers.txt
Sin cambios de fecha (no copiado al mod): 00_councillor_scripted_modifiers.txt
Sin cambios de fecha (no copiado al mod): 00_decisions_scripted_modifiers.txt
Sin cambios de fecha (no copiado al mod): 00_diarchy_scripted_modifiers.txt
Sin cambios de fecha (no copiado al mod): 00_elective_successions_scripted_modifiers.txt
Sin cambios de fecha (no copiado al mod): 00_ep1_amenities_modifiers.txt
Sin cambios de fecha (no copiado al mod): 00_ep1_artifact_modifiers.txt
Sin cambios de fecha (no copiado al mod): 00_ep1_inspiration_modifiers.txt
Procesado (cambia fecha): 00_faction_modifiers.txt
Sin cambios de fecha (no copiado al mod): 00_hold_court_modifiers.txt
Sin cambios de fecha (no copiado al mod): 00_lifestyle_scripted_modifiers.txt
Sin cambios de fecha (no copiado al mod): 00_marriage_scripted_modifiers.txt
Sin cambios de fecha (no copiado al mod): 00_military_scripted_modifiers.txt
Sin cambios de fecha (no copiado al mod): 00_perk_modifiers.txt
Sin cambios de fecha (no copiado al mod): 00_portrait_modifiers.txt
Sin cambios de fecha (no copiado al mod): 00_religion_scripted_modifiers.txt
Sin cambios de fecha (no copiado al mod): 00_romance_and_seduction_scripted_modifiers.txt
Sin cambios de fecha (no copiado al mod): 00_scheme_scripted_modifiers.txt
Sin cambios de fecha (no copiado al mod): 00_scripted_relations_scripted_modifiers.txt
Sin cambios de fecha (no copiado al mod): 00_single_combat_scripted_modifiers.txt
Sin cambios de fecha (no copiado al mod): 00_spouse_scripted_modifiers.txt
Sin cambios de fecha (no copiado al mod): 00_statecraft_lifestyle_scripted_modifiers.txt
Sin cambios de fecha (no copiado al mod): 00_trait_specific_scripted_modifiers.txt
Sin cambios de fecha (no copiado al mod): 00_voter_strength_scripted_modifiers.txt
Sin cambios de fecha (no copiado al mod): 00_weather_modifiers.txt
Sin cambios de fecha (no copiado al mod): 00_yearly_events_scripted_modifiers.txt
Sin cambios de fecha (no copiado al mod): 01_bp1_scripted_modifiers.txt
Sin cambios de fecha (no copiado al mod): 01_fp1_scripted_modifiers.txt
Sin cambios de fecha (no copiado al mod): 02_ep1_scripted_modifiers.txt
Sin cambios de fecha (no copiado al mod): 03_fp2_scripted_modifiers.txt
Sin cambios de fecha (no copiado al mod): 04_ep2_scripted_modifiers.txt
Sin cambios de fecha (no copiado al mod): 05_bp2_scripted_modifiers.txt
Sin cambios de fecha (no copiado al mod): 05_fp3_scripted_modifiers.txt
Sin cambios de fecha (no copiado al mod): 07_ep3_scripted_modifiers.txt
Sin cambios de fecha (no copiado al mod): 09_mpo_scripted_modifiers.txt
Sin cambios de fecha (no copiado al mod): 10_ach_scripted_modifiers.txt
Sin cambios de fecha (no copiado al mod): 10_tgp_faction_modifiers.txt
Sin cambios de fecha (no copiado al mod): 10_tgp_japan_modifiers.txt
Sin cambios de fecha (no copiado al mod): 10_tgp_scripted_modifiers.txt
Sin cambios de fecha (no copiado al mod): tgp_mandala_scripted_modifiers.txt

--- Procesado common/scripted_modifiers --- 2026-02-08 14:22:12.535401
Sin cambios de fecha (no copiado al mod): 00_activity_scripted_modifiers.txt
Sin cambios de fecha (no copiado al mod): 00_ai_value_modifiers.txt
Sin cambios de fecha (no copiado al mod): 00_building_modifiers.txt
Sin cambios de fecha (no copiado al mod): 00_character_selection_scripted_modifiers.txt
Sin cambios de fecha (no copiado al mod): 00_councillor_scripted_modifiers.txt
Sin cambios de fecha (no copiado al mod): 00_decisions_scripted_modifiers.txt
Sin cambios de fecha (no copiado al mod): 00_diarchy_scripted_modifiers.txt
Sin cambios de fecha (no copiado al mod): 00_elective_successions_scripted_modifiers.txt
Sin cambios de fecha (no copiado al mod): 00_ep1_amenities_modifiers.txt
Sin cambios de fecha (no copiado al mod): 00_ep1_artifact_modifiers.txt
Sin cambios de fecha (no copiado al mod): 00_ep1_inspiration_modifiers.txt
Procesado (cambia fecha): 00_faction_modifiers.txt
Sin cambios de fecha (no copiado al mod): 00_hold_court_modifiers.txt
Sin cambios de fecha (no copiado al mod): 00_lifestyle_scripted_modifiers.txt
Sin cambios de fecha (no copiado al mod): 00_marriage_scripted_modifiers.txt
Sin cambios de fecha (no copiado al mod): 00_military_scripted_modifiers.txt
Sin cambios de fecha (no copiado al mod): 00_perk_modifiers.txt
Sin cambios de fecha (no copiado al mod): 00_portrait_modifiers.txt
Sin cambios de fecha (no copiado al mod): 00_religion_scripted_modifiers.txt
Sin cambios de fecha (no copiado al mod): 00_romance_and_seduction_scripted_modifiers.txt
Sin cambios de fecha (no copiado al mod): 00_scheme_scripted_modifiers.txt
Sin cambios de fecha (no copiado al mod): 00_scripted_relations_scripted_modifiers.txt
Sin cambios de fecha (no copiado al mod): 00_single_combat_scripted_modifiers.txt
Sin cambios de fecha (no copiado al mod): 00_spouse_scripted_modifiers.txt
Sin cambios de fecha (no copiado al mod): 00_statecraft_lifestyle_scripted_modifiers.txt
Sin cambios de fecha (no copiado al mod): 00_trait_specific_scripted_modifiers.txt
Sin cambios de fecha (no copiado al mod): 00_voter_strength_scripted_modifiers.txt
Sin cambios de fecha (no copiado al mod): 00_weather_modifiers.txt
Sin cambios de fecha (no copiado al mod): 00_yearly_events_scripted_modifiers.txt
Sin cambios de fecha (no copiado al mod): 01_bp1_scripted_modifiers.txt
Sin cambios de fecha (no copiado al mod): 01_fp1_scripted_modifiers.txt
Sin cambios de fecha (no copiado al mod): 02_ep1_scripted_modifiers.txt
Sin cambios de fecha (no copiado al mod): 03_fp2_scripted_modifiers.txt
Sin cambios de fecha (no copiado al mod): 04_ep2_scripted_modifiers.txt
Sin cambios de fecha (no copiado al mod): 05_bp2_scripted_modifiers.txt
Sin cambios de fecha (no copiado al mod): 05_fp3_scripted_modifiers.txt
Sin cambios de fecha (no copiado al mod): 07_ep3_scripted_modifiers.txt
Sin cambios de fecha (no copiado al mod): 09_mpo_scripted_modifiers.txt
Sin cambios de fecha (no copiado al mod): 10_ach_scripted_modifiers.txt
Sin cambios de fecha (no copiado al mod): 10_tgp_faction_modifiers.txt
Sin cambios de fecha (no copiado al mod): 10_tgp_japan_modifiers.txt
Sin cambios de fecha (no copiado al mod): 10_tgp_scripted_modifiers.txt
Sin cambios de fecha (no copiado al mod): tgp_mandala_scripted_modifiers.txt
