
--- Procesado common/scripted_effects --- 2026-02-08 01:18:46.790586
Procesado: 00_accolades_scripted_effects.txt
Procesado: 00_achievement_effects.txt
Procesado: 00_activity_effects.txt
Procesado: 00_administrative_effects.txt
Procesado: 00_adultery_effects.txt
Procesado: 00_adventure_effects.txt
Procesado: 00_ai_budget_effects.txt
Procesado: 00_ai_conqueror_effects.txt
Procesado: 00_ai_value_effects.txt
Procesado: 00_alert_actions_effects.txt
Procesado: 00_almohad_invasion_effects.txt
Procesado: 00_animal_effects.txt
Procesado: 00_antiquarian_artifact_improvement_effects.txt
Procesado: 00_bastard_effects.txt
Procesado: 00_board_game_effects.txt
Procesado: 00_bookmark_effects.txt
Procesado: 00_bp1_artifact_creation_effects.txt
Procesado: 00_building_effects.txt
Procesado: 00_camp_officer_effects.txt
Procesado: 00_casus_belli_effects.txt
Procesado: 00_childhood_effects.txt
Procesado: 00_commander_effects.txt
Procesado: 00_compliment_effects.txt
Procesado: 00_councillor_effects.txt
Procesado: 00_county_corruption_effects.txt
Procesado: 00_courtier_guest_management_effects.txt
Procesado: 00_court_position_effects.txt
Procesado: 00_culture_effects.txt
Procesado: 00_custom_loc_effects.txt
Procesado: 00_death_management_effects.txt
Procesado: 00_debug_and_shortcut_effects.txt
Procesado: 00_decisions_effects.txt
Procesado: 00_diarchy_scripted_effects.txt
Procesado: 00_diplomacy_lifestyle_effects.txt
Procesado: 00_diplomacy_perk_effects.txt
Procesado: 00_dummy_gender_effects.txt
Procesado: 00_education_effects.txt
Procesado: 00_ep1_artifact_creation_effects.txt
Procesado: 00_ep1_artifact_effects.txt
Procesado: 00_ep1_court_type_effects.txt
Procesado: 00_ep1_hold_court_effects.txt
Procesado: 00_ep1_inspiration_effects.txt
Procesado: 00_ep1_inspiration_effects_sean.txt
Procesado: 00_ep3_decision_effects.txt
Procesado: 00_experience_effects.txt
Procesado: 00_faction_effects.txt
Procesado: 00_feast_scripted_effects.txt
Procesado: 00_flavorization_effects.txt
Procesado: 00_funeral_scripted_effects.txt
Procesado: 00_game_rule_effects.txt
Procesado: 00_governance_lifestyle_effects.txt
Procesado: 00_historical_characters_scripted_effects.txt
Procesado: 00_history_effects.txt
Procesado: 00_holy_order_effects.txt
Procesado: 00_hook_effects.txt
Procesado: 00_hunt_effects.txt
Procesado: 00_interaction_effects.txt
Procesado: 00_intercourse_effects.txt
Procesado: 00_intrigue_lifestyle_effects.txt
Procesado: 00_intrigue_perk_effects.txt
Procesado: 00_journey_effects.txt
Procesado: 00_laamp_effects.txt
Procesado: 00_learning_lifestyle_effects.txt
Procesado: 00_lifestyle_focus_effects.txt
Procesado: 00_lover_effects.txt
Procesado: 00_major_decisions_scripted_effects.txt
Procesado: 00_major_decisions_scripted_effects_2.txt
Procesado: 00_major_decisions_scripted_effects_3.txt
Procesado: 00_marriage_effects.txt
Procesado: 00_marriage_interaction_effects.txt
Procesado: 00_martial_lifestyle_effects.txt
Procesado: 00_men_at_arms_effects.txt
Procesado: 00_mongol_invasion_effects.txt
Procesado: 00_murder_effects.txt
Procesado: 00_music_effects.txt
Procesado: 00_nickname_effects.txt
Procesado: 00_parent_effects.txt
Procesado: 00_personality_trait_effects.txt
Procesado: 00_personal_details_effects.txt
Procesado: 00_petition_liege_effects.txt
Procesado: 00_pilgrimage_effects.txt
Procesado: 00_playdate_scripted_effects.txt
Procesado: 00_poetry_effects.txt
Procesado: 00_pool_effects.txt
Procesado: 00_pregnancy_effects.txt
Procesado: 00_prison_effects.txt
Procesado: 00_realm_effects.txt
Procesado: 00_regional_scripted_effects.txt
Procesado: 00_relation_effects.txt
Procesado: 00_religion_effects.txt
Procesado: 00_religious_interaction_effects.txt
Procesado: 00_roaming_effects.txt
Procesado: 00_romance_effects.txt
Procesado: 00_scheme_scripted_effects.txt
Procesado: 00_scripted_effects.txt
Procesado: 00_secret_effects.txt
Procesado: 00_setup_tests_effect.txt
Procesado: 00_sibling_effects.txt
Procesado: 00_single_combat_effects.txt
Procesado: 00_skill_effects.txt
Procesado: 00_spouse_effects.txt
Procesado: 00_stewardship_lifestyle_effects.txt
Procesado: 00_stewardship_perk_effects.txt
Procesado: 00_story_cycle_same_gender_pen_pal_effects.txt
Procesado: 00_stress_effects.txt
Procesado: 00_task_contract_scripted_effects.txt
Procesado: 00_tax_rivalry_effects.txt
Procesado: 00_title_effects.txt
Procesado: 00_travel_effects.txt
Procesado: 00_tributary_setup_effects.txt
Procesado: 00_unity_effects.txt
Procesado: 00_wanderer_lifestyle_effects.txt
Procesado: 00_wanderer_perk_effects.txt
Procesado: 00_war_effects.txt
Procesado: 00_while_loop_effects.txt
Procesado: 00_witch_effects.txt
Procesado: 00_yearly_event_effects.txt
Procesado: 01_building_upgrade_effects.txt
Procesado: 01_dlc_bp1_filippa_scripted_effects.txt
Procesado: 01_dlc_fp1_scripted_effects.txt
Procesado: 01_dlc_fp3_scripted_effects.txt
Procesado: 01_ep1_court_artifact_creation_effects.txt
Procesado: 01_ep1_court_event_effects.txt
Procesado: 01_ep1_interaction_scripted_effects.txt
Procesado: 01_exp1_historical_artifacts_creation_effect.txt
Procesado: 02_dlc_ep1_decision_scripted_effects.txt
Procesado: 02_ep2_artifact_effects.txt
Procesado: 03_bp1_haunted_by_ghosts_effects.txt
Procesado: 03_bp1_scripted_effects.txt
Procesado: 03_bp2_scripted_effects.txt
Procesado: 03_dlc_fp2_scripted_effects.txt
Procesado: 03_dlc_fp3_artifact_creation_effects.txt
Procesado: 03_dlc_fp3_scripted_effects.txt
Procesado: 04_dlc_ep2_tournament_effects.txt
Procesado: 04_dlc_ep2_tour_effects.txt
Procesado: 04_dlc_ep2_wedding_effects.txt
Procesado: 05_bp2_hostage_effects.txt
Procesado: 05_dlc_bp2_effects.txt
Procesado: 05_dlc_fp3_scripted_effects.txt
Procesado: 06_dlc_ce1_epidemics_effects.txt
Procesado: 06_dlc_ce1_legend_effects.txt
Procesado: 06_dlc_ce1_legitimacy_effects.txt
Procesado: 06_dlc_ce1_leg_b_effects.txt
Procesado: 07_dlc_ep3_scripted_effects.txt
Procesado: 07_dlc_ep3_story_cycle_adventurer_ai_scripted_effects.txt
Procesado: 07_frankokratia_scripted_effects.txt
Procesado: 08_bp3_effects.txt
Procesado: 09_dlc_mpo_scripted_effects.txt
Procesado: 09_mpo_greatest_of_khans_effects.txt
Procesado: 09_mpo_settlement_issue_effects.txt
Procesado: 10_ach_effects.txt
Procesado: 10_dlc_tgp_dynastic_cycle_scripted_effects.txt
Procesado: 10_dlc_tgp_house_bloc_scripted_effects.txt
Procesado: 10_dlc_tgp_house_relation_scripted_effects.txt
Procesado: 10_dlc_tgp_japan_scripted_effects.txt
Procesado: 10_dlc_tgp_korea_scripted_effects.txt
Procesado: 10_dlc_tgp_natural_disaster_scripted_effects.txt
Procesado: 10_dlc_tgp_scripted_effects.txt
Procesado: 10_dlc_tgp_silk_road_scripted_effects.txt
Procesado: 20_health_balancing_effects.txt
Procesado: 20_health_effects.txt
Procesado: tgp_debate_scripted_effects.txt
Procesado: tgp_imperial_examination_scripted_effects.txt
Procesado: tgp_mandala_scripted_effects.txt
Procesado: tgp_tribute_mission_scripted_effects.txt
