
--- Procesado gfx/portraits/portrait_modifiers --- 2026-02-08 01:18:50.788839
Procesado: 00_animation_expressions.txt
Procesado: 00_animation_props.txt
Procesado: 00_custom_beards.txt
Procesado: 00_custom_cloaks.txt
Procesado: 00_custom_clothes.txt
Procesado: 00_custom_hair.txt
Procesado: 00_custom_headgear.txt
Procesado: 00_custom_legwear.txt
Procesado: 00_custom_special.txt
Procesado: 01_beards_base.txt
Procesado: 01_cloaks_base.txt
Procesado: 01_clothes_base.txt
Procesado: 01_hairstyles_base.txt
Procesado: 01_headgear_base.txt
Procesado: 01_legwear_base.txt
Procesado: 01_props_base.txt
Procesado: 02_all_developer_characters.txt
Procesado: 02_all_historical_characters.txt
Procesado: 03_clothes_religious.txt
Procesado: 03_clothes_sickness.txt
Procesado: 03_headgear_religious.txt
Procesado: 04_clothes_armor.txt
Procesado: 04_headgear_armor.txt
Procesado: 05_cloaks_situational.txt
Procesado: 05_clothes_situational.txt
Procesado: 05_hair_situational.txt
Procesado: 05_headgear_situational.txt
Procesado: 06_cloaks_special.txt
Procesado: 06_clothes_special.txt
Procesado: 06_headgear_special.txt
Procesado: 06_makeup.txt
Procesado: 99_special.txt
Procesado: example.txt
