
--- Procesado events/religion_events --- 2026-02-08 14:15:52.984916
Sin cambios de fecha (no copiado al mod): faith_conversion_events.txt
Sin cambios de fecha (no copiado al mod): faith_creation_events.txt
Sin cambios de fecha (no copiado al mod): false_conversion_events.txt
Sin cambios de fecha (no copiado al mod): fervor_events.txt
Procesado (cambia fecha): great_holy_war_events.txt
Sin cambios de fecha (no copiado al mod): head_of_faith_events.txt
Sin cambios de fecha (no copiado al mod): heresy_events.txt
Sin cambios de fecha (no copiado al mod): holy_order_events.txt
Sin cambios de fecha (no copiado al mod): human_sacrifice_events.txt
Sin cambios de fecha (no copiado al mod): jewish_events.txt
Sin cambios de fecha (no copiado al mod): local_shrine_events.txt
Sin cambios de fecha (no copiado al mod): religious_decision_events.txt
Sin cambios de fecha (no copiado al mod): religious_interaction_events.txt

--- Procesado events/religion_events --- 2026-02-08 14:22:14.997016
Sin cambios de fecha (no copiado al mod): faith_conversion_events.txt
Sin cambios de fecha (no copiado al mod): faith_creation_events.txt
Sin cambios de fecha (no copiado al mod): false_conversion_events.txt
Sin cambios de fecha (no copiado al mod): fervor_events.txt
Procesado (cambia fecha): great_holy_war_events.txt
Sin cambios de fecha (no copiado al mod): head_of_faith_events.txt
Sin cambios de fecha (no copiado al mod): heresy_events.txt
Sin cambios de fecha (no copiado al mod): holy_order_events.txt
Sin cambios de fecha (no copiado al mod): human_sacrifice_events.txt
Sin cambios de fecha (no copiado al mod): jewish_events.txt
Sin cambios de fecha (no copiado al mod): local_shrine_events.txt
Sin cambios de fecha (no copiado al mod): religious_decision_events.txt
Sin cambios de fecha (no copiado al mod): religious_interaction_events.txt
