
--- Procesado events/yearly_events --- 2026-02-08 14:15:53.013649
Sin cambios de fecha (no copiado al mod): bp1_yearly_james.txt
Sin cambios de fecha (no copiado al mod): bp1_yearly_jason.txt
Sin cambios de fecha (no copiado al mod): court_yearly_events.txt
Procesado (cambia fecha): yearly_events.txt
Sin cambios de fecha (no copiado al mod): yearly_events_2.txt
Sin cambios de fecha (no copiado al mod): yearly_events_3.txt
Sin cambios de fecha (no copiado al mod): yearly_events_4.txt
Sin cambios de fecha (no copiado al mod): yearly_events_5.txt
Sin cambios de fecha (no copiado al mod): yearly_events_6.txt
Sin cambios de fecha (no copiado al mod): yearly_events_7.txt
Sin cambios de fecha (no copiado al mod): yearly_events_persia.txt
Sin cambios de fecha (no copiado al mod): yearly_events_sahara.txt

--- Procesado events/yearly_events --- 2026-02-08 14:22:15.024612
Sin cambios de fecha (no copiado al mod): bp1_yearly_james.txt
Sin cambios de fecha (no copiado al mod): bp1_yearly_jason.txt
Sin cambios de fecha (no copiado al mod): court_yearly_events.txt
Procesado (cambia fecha): yearly_events.txt
Sin cambios de fecha (no copiado al mod): yearly_events_2.txt
Sin cambios de fecha (no copiado al mod): yearly_events_3.txt
Sin cambios de fecha (no copiado al mod): yearly_events_4.txt
Sin cambios de fecha (no copiado al mod): yearly_events_5.txt
Sin cambios de fecha (no copiado al mod): yearly_events_6.txt
Sin cambios de fecha (no copiado al mod): yearly_events_7.txt
Sin cambios de fecha (no copiado al mod): yearly_events_persia.txt
Sin cambios de fecha (no copiado al mod): yearly_events_sahara.txt
