
--- Procesado events/dlc/bp2 --- 2026-02-08 14:15:52.585010
Procesado (cambia fecha): bp2_adult_education_activity_events.txt
Sin cambios de fecha (no copiado al mod): bp2_adult_education_activity_events_oltner.txt
Sin cambios de fecha (no copiado al mod): bp2_character_interaction_events.txt
Sin cambios de fecha (no copiado al mod): bp2_child_of_destiny_events.txt
Sin cambios de fecha (no copiado al mod): bp2_decision_events.txt
Sin cambios de fecha (no copiado al mod): bp2_hostage_system.txt
Sin cambios de fecha (no copiado al mod): bp2_yearly.txt
Sin cambios de fecha (no copiado al mod): bp2_yearly_0_5.txt
Sin cambios de fecha (no copiado al mod): bp2_yearly_1_events.txt
Sin cambios de fecha (no copiado al mod): bp2_yearly_2.txt
Sin cambios de fecha (no copiado al mod): bp2_yearly_3.txt
Sin cambios de fecha (no copiado al mod): bp2_yearly_4.txt
Sin cambios de fecha (no copiado al mod): bp2_yearly_5.txt
Sin cambios de fecha (no copiado al mod): bp2_yearly_7.txt
Sin cambios de fecha (no copiado al mod): bp2_yearly_events_6.txt
Sin cambios de fecha (no copiado al mod): bp2_yearly_extra.txt
Sin cambios de fecha (no copiado al mod): story_cycles\story_cycle_pet_rock_events.txt

--- Procesado events/dlc/bp2 --- 2026-02-08 14:22:14.612599
Procesado (cambia fecha): bp2_adult_education_activity_events.txt
Sin cambios de fecha (no copiado al mod): bp2_adult_education_activity_events_oltner.txt
Sin cambios de fecha (no copiado al mod): bp2_character_interaction_events.txt
Sin cambios de fecha (no copiado al mod): bp2_child_of_destiny_events.txt
Sin cambios de fecha (no copiado al mod): bp2_decision_events.txt
Sin cambios de fecha (no copiado al mod): bp2_hostage_system.txt
Sin cambios de fecha (no copiado al mod): bp2_yearly.txt
Sin cambios de fecha (no copiado al mod): bp2_yearly_0_5.txt
Sin cambios de fecha (no copiado al mod): bp2_yearly_1_events.txt
Sin cambios de fecha (no copiado al mod): bp2_yearly_2.txt
Sin cambios de fecha (no copiado al mod): bp2_yearly_3.txt
Sin cambios de fecha (no copiado al mod): bp2_yearly_4.txt
Sin cambios de fecha (no copiado al mod): bp2_yearly_5.txt
Sin cambios de fecha (no copiado al mod): bp2_yearly_7.txt
Sin cambios de fecha (no copiado al mod): bp2_yearly_events_6.txt
Sin cambios de fecha (no copiado al mod): bp2_yearly_extra.txt
Sin cambios de fecha (no copiado al mod): story_cycles\story_cycle_pet_rock_events.txt
