
--- Procesado events/dlc/ce1 --- 2026-02-08 14:15:52.643544
Sin cambios de fecha (no copiado al mod): epidemic_events.txt
Procesado (cambia fecha): epidemic_events_2.txt
Sin cambios de fecha (no copiado al mod): legend_ending_events.txt
Sin cambios de fecha (no copiado al mod): legend_events.txt
Sin cambios de fecha (no copiado al mod): legend_spread_events_8.txt
Sin cambios de fecha (no copiado al mod): legend_spread_events_nick.txt
Sin cambios de fecha (no copiado al mod): legend_spread_events_veronica.txt
Sin cambios de fecha (no copiado al mod): legitimacy_events.txt
Sin cambios de fecha (no copiado al mod): physician_epidemic_events.txt

--- Procesado events/dlc/ce1 --- 2026-02-08 14:22:14.673450
Sin cambios de fecha (no copiado al mod): epidemic_events.txt
Procesado (cambia fecha): epidemic_events_2.txt
Sin cambios de fecha (no copiado al mod): legend_ending_events.txt
Sin cambios de fecha (no copiado al mod): legend_events.txt
Sin cambios de fecha (no copiado al mod): legend_spread_events_8.txt
Sin cambios de fecha (no copiado al mod): legend_spread_events_nick.txt
Sin cambios de fecha (no copiado al mod): legend_spread_events_veronica.txt
Sin cambios de fecha (no copiado al mod): legitimacy_events.txt
Sin cambios de fecha (no copiado al mod): physician_epidemic_events.txt
