
--- Procesado events/dlc/ep3 --- 2026-02-08 14:15:52.675636
Sin cambios de fecha (no copiado al mod): ep3_admin_events.txt
Sin cambios de fecha (no copiado al mod): ep3_akolouthos_events.txt
Sin cambios de fecha (no copiado al mod): ep3_camp_party_events.txt
Sin cambios de fecha (no copiado al mod): ep3_camp_temperament_events.txt
Sin cambios de fecha (no copiado al mod): ep3_contract_events.txt
Sin cambios de fecha (no copiado al mod): ep3_councillor_events.txt
Sin cambios de fecha (no copiado al mod): ep3_decisions_events.txt
Procesado (cambia fecha): ep3_emperor_yearly_2.txt
Sin cambios de fecha (no copiado al mod): ep3_emperor_yearly_3.txt
Sin cambios de fecha (no copiado al mod): ep3_emperor_yearly_8.txt
Sin cambios de fecha (no copiado al mod): ep3_eparch_events.txt
Sin cambios de fecha (no copiado al mod): ep3_frankokratia_events.txt
Sin cambios de fecha (no copiado al mod): ep3_governor_yearly_3.txt
Sin cambios de fecha (no copiado al mod): ep3_governor_yearly_8.txt
Sin cambios de fecha (no copiado al mod): ep3_interactions_events.txt
Sin cambios de fecha (no copiado al mod): ep3_laamps_provisions.txt
Sin cambios de fecha (no copiado al mod): ep3_laamp_decision_events.txt
Sin cambios de fecha (no copiado al mod): ep3_laamp_events.txt
Sin cambios de fecha (no copiado al mod): ep3_laamp_events_8.txt
Sin cambios de fecha (no copiado al mod): ep3_laamp_flavor.txt
Sin cambios de fecha (no copiado al mod): ep3_laamp_flavor_oltner.txt
Sin cambios de fecha (no copiado al mod): ep3_laamp_flavour_ewan_events.txt
Sin cambios de fecha (no copiado al mod): ep3_landless_admin_events.txt
Sin cambios de fecha (no copiado al mod): ep3_powerful_families_8.txt
Sin cambios de fecha (no copiado al mod): ep3_roman_restoration_events.txt
Sin cambios de fecha (no copiado al mod): ep3_story_cycle_admin_eunuch_events.txt
Sin cambios de fecha (no copiado al mod): ep3_story_cycle_grand_ambitions_events.txt
Sin cambios de fecha (no copiado al mod): ep3_story_cycle_harrying_of_the_north_events.txt
Sin cambios de fecha (no copiado al mod): ep3_story_cycle_violet_poet_events.txt
Sin cambios de fecha (no copiado al mod): ep3_travel_events_3.txt
Sin cambios de fecha (no copiado al mod): ep3_travel_events_8.txt
Sin cambios de fecha (no copiado al mod): ep3_travel_option_events.txt
Sin cambios de fecha (no copiado al mod): ep3_wedding_events.txt
Sin cambios de fecha (no copiado al mod): ep3_yearly_1.txt
Sin cambios de fecha (no copiado al mod): ep3_yearly_3.txt

--- Procesado events/dlc/ep3 --- 2026-02-08 14:22:14.703330
Sin cambios de fecha (no copiado al mod): ep3_admin_events.txt
Sin cambios de fecha (no copiado al mod): ep3_akolouthos_events.txt
Sin cambios de fecha (no copiado al mod): ep3_camp_party_events.txt
Sin cambios de fecha (no copiado al mod): ep3_camp_temperament_events.txt
Sin cambios de fecha (no copiado al mod): ep3_contract_events.txt
Sin cambios de fecha (no copiado al mod): ep3_councillor_events.txt
Sin cambios de fecha (no copiado al mod): ep3_decisions_events.txt
Procesado (cambia fecha): ep3_emperor_yearly_2.txt
Sin cambios de fecha (no copiado al mod): ep3_emperor_yearly_3.txt
Sin cambios de fecha (no copiado al mod): ep3_emperor_yearly_8.txt
Sin cambios de fecha (no copiado al mod): ep3_eparch_events.txt
Sin cambios de fecha (no copiado al mod): ep3_frankokratia_events.txt
Sin cambios de fecha (no copiado al mod): ep3_governor_yearly_3.txt
Sin cambios de fecha (no copiado al mod): ep3_governor_yearly_8.txt
Sin cambios de fecha (no copiado al mod): ep3_interactions_events.txt
Sin cambios de fecha (no copiado al mod): ep3_laamps_provisions.txt
Sin cambios de fecha (no copiado al mod): ep3_laamp_decision_events.txt
Sin cambios de fecha (no copiado al mod): ep3_laamp_events.txt
Sin cambios de fecha (no copiado al mod): ep3_laamp_events_8.txt
Sin cambios de fecha (no copiado al mod): ep3_laamp_flavor.txt
Sin cambios de fecha (no copiado al mod): ep3_laamp_flavor_oltner.txt
Sin cambios de fecha (no copiado al mod): ep3_laamp_flavour_ewan_events.txt
Sin cambios de fecha (no copiado al mod): ep3_landless_admin_events.txt
Sin cambios de fecha (no copiado al mod): ep3_powerful_families_8.txt
Sin cambios de fecha (no copiado al mod): ep3_roman_restoration_events.txt
Sin cambios de fecha (no copiado al mod): ep3_story_cycle_admin_eunuch_events.txt
Sin cambios de fecha (no copiado al mod): ep3_story_cycle_grand_ambitions_events.txt
Sin cambios de fecha (no copiado al mod): ep3_story_cycle_harrying_of_the_north_events.txt
Sin cambios de fecha (no copiado al mod): ep3_story_cycle_violet_poet_events.txt
Sin cambios de fecha (no copiado al mod): ep3_travel_events_3.txt
Sin cambios de fecha (no copiado al mod): ep3_travel_events_8.txt
Sin cambios de fecha (no copiado al mod): ep3_travel_option_events.txt
Sin cambios de fecha (no copiado al mod): ep3_wedding_events.txt
Sin cambios de fecha (no copiado al mod): ep3_yearly_1.txt
Sin cambios de fecha (no copiado al mod): ep3_yearly_3.txt
