
--- Procesado events/dlc/fp1 --- 2026-02-08 14:15:52.829473
Sin cambios de fecha (no copiado al mod): fp1_jomsvikings_events.txt
Procesado (cambia fecha): fp1_major_decision_events.txt
Sin cambios de fecha (no copiado al mod): fp1_other_decision_events.txt
Procesado (cambia fecha): fp1_scandinavian_adventurer_events.txt
Sin cambios de fecha (no copiado al mod): fp1_shieldmaiden_events.txt
Sin cambios de fecha (no copiado al mod): fp1_trade_events.txt
Sin cambios de fecha (no copiado al mod): fp1_trial_by_combat_events.txt
Sin cambios de fecha (no copiado al mod): fp1_varangian_adventure_events.txt
Sin cambios de fecha (no copiado al mod): fp1_yearly_events.txt
Sin cambios de fecha (no copiado al mod): fp1_yearly_events_oltner.txt

--- Procesado events/dlc/fp1 --- 2026-02-08 14:22:14.851322
Sin cambios de fecha (no copiado al mod): fp1_jomsvikings_events.txt
Procesado (cambia fecha): fp1_major_decision_events.txt
Sin cambios de fecha (no copiado al mod): fp1_other_decision_events.txt
Procesado (cambia fecha): fp1_scandinavian_adventurer_events.txt
Sin cambios de fecha (no copiado al mod): fp1_shieldmaiden_events.txt
Sin cambios de fecha (no copiado al mod): fp1_trade_events.txt
Sin cambios de fecha (no copiado al mod): fp1_trial_by_combat_events.txt
Sin cambios de fecha (no copiado al mod): fp1_varangian_adventure_events.txt
Sin cambios de fecha (no copiado al mod): fp1_yearly_events.txt
Sin cambios de fecha (no copiado al mod): fp1_yearly_events_oltner.txt
