
--- Procesado common/decisions/dlc_decisions --- 2026-02-08 01:18:46.178318
Procesado: 03_fp2_decisions.txt
Procesado: ep3_decisions.txt
Procesado: fp3_decisions.txt
Procesado: bp3\00_bp3_other_decisions.txt
Procesado: bp_2\00_bp2_other_decisions.txt
Procesado: ce_1\ce1_legendary_decisions.txt
Procesado: ep_1\00_ep1_court_grandeur_and_amenity_decisions.txt
Procesado: ep_1\00_ep1_other_decisions.txt
Procesado: ep_2\00_ep2_other_decisions.txt
Procesado: ep_3\06_ep3_admin_decisions.txt
Procesado: ep_3\06_ep3_hasan_story_cycle_decisions.txt
Procesado: ep_3\06_ep3_laamp_decisions.txt
Procesado: ep_3\06_ep3_separatist_uprising_decision.txt
Procesado: fp_1\00_fp1_major_decisions.txt
Procesado: fp_1\00_fp1_other_decisions.txt
Procesado: fp_3\fp3_dynasty_decisions.txt
Procesado: fp_3\fp3_islamic_decisions.txt
Procesado: fp_3\fp3_minor_decisions.txt
Procesado: fp_3\fp3_scholarship_decisions.txt
Procesado: fp_3\fp3_zoroastrian_decisions.txt
Procesado: mpo\09_mpo_decisions_2.txt
Procesado: mpo\mpo_court_astrologer_decision.txt
Procesado: mpo\mpo_decisions.txt
Procesado: mpo\mpo_flavor_decision.txt
Procesado: mpo\mpo_pax_mongolica_decision.txt
Procesado: tgp\tgp_china_decisions.txt
Procesado: tgp\tgp_culture_decisions.txt
Procesado: tgp\tgp_dynastic_cycle_decisions.txt
Procesado: tgp\tgp_east_asia_decisions.txt
Procesado: tgp\tgp_japan_decisions.txt
Procesado: tgp\tgp_korea_decisions.txt
Procesado: tgp\tgp_silk_road_decisions.txt
Procesado: tgp\tgp_steppe_decisions.txt
Procesado: tgp\tgp_tenet_decisions.txt
Procesado: tgp\tgp_tribute_mission_decisions.txt
